ERROR - 2024-07-27 03:33:43 --> Trying to get property 'qty' of non-object
ERROR - 2024-07-27 03:35:45 --> Trying to get property 'stok' of non-object
ERROR - 2024-07-27 06:10:11 --> Unknown column 'tgl_transaksi' in 'where clause'
ERROR - 2024-07-27 06:11:21 --> Unknown column 'tanggal_transaksi' in 'where clause'
ERROR - 2024-07-27 06:11:41 --> Unknown column 'tgl_transaksi' in 'where clause'
ERROR - 2024-07-27 06:11:54 --> Unknown column 'tgl_transaksi' in 'where clause'
CRITICAL - 2024-07-27 06:11:54 --> Unknown column 'tgl_transaksi' in 'where clause'
#0 C:\laragon\www\gudangku\system\Database\MySQLi\Connection.php(292): mysqli->query('SELECT *\nFROM `...', 0)
#1 C:\laragon\www\gudangku\system\Database\BaseConnection.php(670): CodeIgniter\Database\MySQLi\Connection->execute('SELECT *\nFROM `...')
#2 C:\laragon\www\gudangku\system\Database\BaseConnection.php(598): CodeIgniter\Database\BaseConnection->simpleQuery('SELECT *\nFROM `...')
#3 C:\laragon\www\gudangku\system\Database\BaseBuilder.php(1443): CodeIgniter\Database\BaseConnection->query('SELECT *\nFROM `...', Array, false)
#4 C:\laragon\www\gudangku\system\Model.php(183): CodeIgniter\Database\BaseBuilder->get()
#5 C:\laragon\www\gudangku\system\BaseModel.php(584): CodeIgniter\Model->doFindAll(0, 0)
#6 C:\laragon\www\gudangku\app\Controllers\Laporan.php(29): CodeIgniter\BaseModel->findAll()
#7 C:\laragon\www\gudangku\system\CodeIgniter.php(824): App\Controllers\Laporan->dataPemesanan()
#8 C:\laragon\www\gudangku\system\CodeIgniter.php(410): CodeIgniter\CodeIgniter->runController(Object(App\Controllers\Laporan))
#9 C:\laragon\www\gudangku\system\CodeIgniter.php(318): CodeIgniter\CodeIgniter->handleRequest(NULL, Object(Config\Cache), false)
#10 C:\laragon\www\gudangku\index.php(37): CodeIgniter\CodeIgniter->run()
#11 {main}
ERROR - 2024-07-27 06:12:06 --> Unknown column 'tanggal_transaksi' in 'where clause'
ERROR - 2024-07-27 06:13:05 --> Unknown column 'tgl_transaksi' in 'where clause'
ERROR - 2024-07-27 06:13:38 --> Unknown column 'tgl_transaksi' in 'where clause'
ERROR - 2024-07-27 06:13:43 --> Unknown column 'tgl_transaksi' in 'where clause'
ERROR - 2024-07-27 06:13:50 --> Unknown column 'tgl_transaksi' in 'where clause'
ERROR - 2024-07-27 06:14:17 --> Unknown column 'tgl_transaksi' in 'where clause'
CRITICAL - 2024-07-27 06:14:17 --> Unknown column 'tgl_transaksi' in 'where clause'
#0 C:\laragon\www\gudangku\system\Database\MySQLi\Connection.php(292): mysqli->query('SELECT *\nFROM `...', 0)
#1 C:\laragon\www\gudangku\system\Database\BaseConnection.php(670): CodeIgniter\Database\MySQLi\Connection->execute('SELECT *\nFROM `...')
#2 C:\laragon\www\gudangku\system\Database\BaseConnection.php(598): CodeIgniter\Database\BaseConnection->simpleQuery('SELECT *\nFROM `...')
#3 C:\laragon\www\gudangku\system\Database\BaseBuilder.php(1443): CodeIgniter\Database\BaseConnection->query('SELECT *\nFROM `...', Array, false)
#4 C:\laragon\www\gudangku\system\Model.php(183): CodeIgniter\Database\BaseBuilder->get()
#5 C:\laragon\www\gudangku\system\BaseModel.php(584): CodeIgniter\Model->doFindAll(0, 0)
#6 C:\laragon\www\gudangku\app\Controllers\Laporan.php(29): CodeIgniter\BaseModel->findAll()
#7 C:\laragon\www\gudangku\system\CodeIgniter.php(824): App\Controllers\Laporan->dataPemesanan()
#8 C:\laragon\www\gudangku\system\CodeIgniter.php(410): CodeIgniter\CodeIgniter->runController(Object(App\Controllers\Laporan))
#9 C:\laragon\www\gudangku\system\CodeIgniter.php(318): CodeIgniter\CodeIgniter->handleRequest(NULL, Object(Config\Cache), false)
#10 C:\laragon\www\gudangku\index.php(37): CodeIgniter\CodeIgniter->run()
#11 {main}
ERROR - 2024-07-27 06:14:17 --> Unknown column 'tgl_transaksi' in 'where clause'
CRITICAL - 2024-07-27 06:14:17 --> Unknown column 'tgl_transaksi' in 'where clause'
#0 C:\laragon\www\gudangku\system\Database\MySQLi\Connection.php(292): mysqli->query('SELECT *\nFROM `...', 0)
#1 C:\laragon\www\gudangku\system\Database\BaseConnection.php(670): CodeIgniter\Database\MySQLi\Connection->execute('SELECT *\nFROM `...')
#2 C:\laragon\www\gudangku\system\Database\BaseConnection.php(598): CodeIgniter\Database\BaseConnection->simpleQuery('SELECT *\nFROM `...')
#3 C:\laragon\www\gudangku\system\Database\BaseBuilder.php(1443): CodeIgniter\Database\BaseConnection->query('SELECT *\nFROM `...', Array, false)
#4 C:\laragon\www\gudangku\system\Model.php(183): CodeIgniter\Database\BaseBuilder->get()
#5 C:\laragon\www\gudangku\system\BaseModel.php(584): CodeIgniter\Model->doFindAll(0, 0)
#6 C:\laragon\www\gudangku\app\Controllers\Laporan.php(29): CodeIgniter\BaseModel->findAll()
#7 C:\laragon\www\gudangku\system\CodeIgniter.php(824): App\Controllers\Laporan->dataPemesanan()
#8 C:\laragon\www\gudangku\system\CodeIgniter.php(410): CodeIgniter\CodeIgniter->runController(Object(App\Controllers\Laporan))
#9 C:\laragon\www\gudangku\system\CodeIgniter.php(318): CodeIgniter\CodeIgniter->handleRequest(NULL, Object(Config\Cache), false)
#10 C:\laragon\www\gudangku\index.php(37): CodeIgniter\CodeIgniter->run()
#11 {main}
ERROR - 2024-07-27 06:14:18 --> Unknown column 'tgl_transaksi' in 'where clause'
CRITICAL - 2024-07-27 06:14:18 --> Unknown column 'tgl_transaksi' in 'where clause'
#0 C:\laragon\www\gudangku\system\Database\MySQLi\Connection.php(292): mysqli->query('SELECT *\nFROM `...', 0)
#1 C:\laragon\www\gudangku\system\Database\BaseConnection.php(670): CodeIgniter\Database\MySQLi\Connection->execute('SELECT *\nFROM `...')
#2 C:\laragon\www\gudangku\system\Database\BaseConnection.php(598): CodeIgniter\Database\BaseConnection->simpleQuery('SELECT *\nFROM `...')
#3 C:\laragon\www\gudangku\system\Database\BaseBuilder.php(1443): CodeIgniter\Database\BaseConnection->query('SELECT *\nFROM `...', Array, false)
#4 C:\laragon\www\gudangku\system\Model.php(183): CodeIgniter\Database\BaseBuilder->get()
#5 C:\laragon\www\gudangku\system\BaseModel.php(584): CodeIgniter\Model->doFindAll(0, 0)
#6 C:\laragon\www\gudangku\app\Controllers\Laporan.php(29): CodeIgniter\BaseModel->findAll()
#7 C:\laragon\www\gudangku\system\CodeIgniter.php(824): App\Controllers\Laporan->dataPemesanan()
#8 C:\laragon\www\gudangku\system\CodeIgniter.php(410): CodeIgniter\CodeIgniter->runController(Object(App\Controllers\Laporan))
#9 C:\laragon\www\gudangku\system\CodeIgniter.php(318): CodeIgniter\CodeIgniter->handleRequest(NULL, Object(Config\Cache), false)
#10 C:\laragon\www\gudangku\index.php(37): CodeIgniter\CodeIgniter->run()
#11 {main}
ERROR - 2024-07-27 06:14:24 --> Unknown column 'tgl_transaksi' in 'where clause'
CRITICAL - 2024-07-27 06:14:24 --> Unknown column 'tgl_transaksi' in 'where clause'
#0 C:\laragon\www\gudangku\system\Database\MySQLi\Connection.php(292): mysqli->query('SELECT *\nFROM `...', 0)
#1 C:\laragon\www\gudangku\system\Database\BaseConnection.php(670): CodeIgniter\Database\MySQLi\Connection->execute('SELECT *\nFROM `...')
#2 C:\laragon\www\gudangku\system\Database\BaseConnection.php(598): CodeIgniter\Database\BaseConnection->simpleQuery('SELECT *\nFROM `...')
#3 C:\laragon\www\gudangku\system\Database\BaseBuilder.php(1443): CodeIgniter\Database\BaseConnection->query('SELECT *\nFROM `...', Array, false)
#4 C:\laragon\www\gudangku\system\Model.php(183): CodeIgniter\Database\BaseBuilder->get()
#5 C:\laragon\www\gudangku\system\BaseModel.php(584): CodeIgniter\Model->doFindAll(0, 0)
#6 C:\laragon\www\gudangku\app\Controllers\Laporan.php(29): CodeIgniter\BaseModel->findAll()
#7 C:\laragon\www\gudangku\system\CodeIgniter.php(824): App\Controllers\Laporan->dataPemesanan()
#8 C:\laragon\www\gudangku\system\CodeIgniter.php(410): CodeIgniter\CodeIgniter->runController(Object(App\Controllers\Laporan))
#9 C:\laragon\www\gudangku\system\CodeIgniter.php(318): CodeIgniter\CodeIgniter->handleRequest(NULL, Object(Config\Cache), false)
#10 C:\laragon\www\gudangku\index.php(37): CodeIgniter\CodeIgniter->run()
#11 {main}
