CRITICAL - 2024-08-01 13:13:51 --> There is no data to update.
#0 C:\laragon\www\gudangku\system\BaseModel.php(846): CodeIgniter\Database\Exceptions\DataException::forEmptyDataset('update')
#1 C:\laragon\www\gudangku\system\Model.php(646): CodeIgniter\BaseModel->update(Array, Array)
#2 C:\laragon\www\gudangku\app\Controllers\DataPemesanan.php(126): CodeIgniter\Model->update('14', Array)
#3 C:\laragon\www\gudangku\system\CodeIgniter.php(824): App\Controllers\DataPemesanan->updateCheckedStatus()
#4 C:\laragon\www\gudangku\system\CodeIgniter.php(410): CodeIgniter\CodeIgniter->runController(Object(App\Controllers\DataPemesanan))
#5 C:\laragon\www\gudangku\system\CodeIgniter.php(318): CodeIgniter\CodeIgniter->handleRequest(NULL, Object(Config\Cache), false)
#6 C:\laragon\www\gudangku\index.php(37): CodeIgniter\CodeIgniter->run()
#7 {main}
CRITICAL - 2024-08-01 13:13:54 --> There is no data to update.
#0 C:\laragon\www\gudangku\system\BaseModel.php(846): CodeIgniter\Database\Exceptions\DataException::forEmptyDataset('update')
#1 C:\laragon\www\gudangku\system\Model.php(646): CodeIgniter\BaseModel->update(Array, Array)
#2 C:\laragon\www\gudangku\app\Controllers\DataPemesanan.php(126): CodeIgniter\Model->update('15', Array)
#3 C:\laragon\www\gudangku\system\CodeIgniter.php(824): App\Controllers\DataPemesanan->updateCheckedStatus()
#4 C:\laragon\www\gudangku\system\CodeIgniter.php(410): CodeIgniter\CodeIgniter->runController(Object(App\Controllers\DataPemesanan))
#5 C:\laragon\www\gudangku\system\CodeIgniter.php(318): CodeIgniter\CodeIgniter->handleRequest(NULL, Object(Config\Cache), false)
#6 C:\laragon\www\gudangku\index.php(37): CodeIgniter\CodeIgniter->run()
#7 {main}
CRITICAL - 2024-08-01 13:13:56 --> There is no data to update.
#0 C:\laragon\www\gudangku\system\BaseModel.php(846): CodeIgniter\Database\Exceptions\DataException::forEmptyDataset('update')
#1 C:\laragon\www\gudangku\system\Model.php(646): CodeIgniter\BaseModel->update(Array, Array)
#2 C:\laragon\www\gudangku\app\Controllers\DataPemesanan.php(126): CodeIgniter\Model->update('14', Array)
#3 C:\laragon\www\gudangku\system\CodeIgniter.php(824): App\Controllers\DataPemesanan->updateCheckedStatus()
#4 C:\laragon\www\gudangku\system\CodeIgniter.php(410): CodeIgniter\CodeIgniter->runController(Object(App\Controllers\DataPemesanan))
#5 C:\laragon\www\gudangku\system\CodeIgniter.php(318): CodeIgniter\CodeIgniter->handleRequest(NULL, Object(Config\Cache), false)
#6 C:\laragon\www\gudangku\index.php(37): CodeIgniter\CodeIgniter->run()
#7 {main}
CRITICAL - 2024-08-01 13:14:06 --> There is no data to update.
#0 C:\laragon\www\gudangku\system\BaseModel.php(846): CodeIgniter\Database\Exceptions\DataException::forEmptyDataset('update')
#1 C:\laragon\www\gudangku\system\Model.php(646): CodeIgniter\BaseModel->update(Array, Array)
#2 C:\laragon\www\gudangku\app\Controllers\DataPemesanan.php(126): CodeIgniter\Model->update('14', Array)
#3 C:\laragon\www\gudangku\system\CodeIgniter.php(824): App\Controllers\DataPemesanan->updateCheckedStatus()
#4 C:\laragon\www\gudangku\system\CodeIgniter.php(410): CodeIgniter\CodeIgniter->runController(Object(App\Controllers\DataPemesanan))
#5 C:\laragon\www\gudangku\system\CodeIgniter.php(318): CodeIgniter\CodeIgniter->handleRequest(NULL, Object(Config\Cache), false)
#6 C:\laragon\www\gudangku\index.php(37): CodeIgniter\CodeIgniter->run()
#7 {main}
CRITICAL - 2024-08-01 13:15:37 --> There is no data to update.
#0 C:\laragon\www\gudangku\system\BaseModel.php(846): CodeIgniter\Database\Exceptions\DataException::forEmptyDataset('update')
#1 C:\laragon\www\gudangku\system\Model.php(646): CodeIgniter\BaseModel->update(Array, Array)
#2 C:\laragon\www\gudangku\app\Controllers\DataPemesanan.php(155): CodeIgniter\Model->update('14', Array)
#3 C:\laragon\www\gudangku\system\CodeIgniter.php(824): App\Controllers\DataPemesanan->updateCheckedStatus()
#4 C:\laragon\www\gudangku\system\CodeIgniter.php(410): CodeIgniter\CodeIgniter->runController(Object(App\Controllers\DataPemesanan))
#5 C:\laragon\www\gudangku\system\CodeIgniter.php(318): CodeIgniter\CodeIgniter->handleRequest(NULL, Object(Config\Cache), false)
#6 C:\laragon\www\gudangku\index.php(37): CodeIgniter\CodeIgniter->run()
#7 {main}
CRITICAL - 2024-08-01 13:15:40 --> There is no data to update.
#0 C:\laragon\www\gudangku\system\BaseModel.php(846): CodeIgniter\Database\Exceptions\DataException::forEmptyDataset('update')
#1 C:\laragon\www\gudangku\system\Model.php(646): CodeIgniter\BaseModel->update(Array, Array)
#2 C:\laragon\www\gudangku\app\Controllers\DataPemesanan.php(155): CodeIgniter\Model->update('14', Array)
#3 C:\laragon\www\gudangku\system\CodeIgniter.php(824): App\Controllers\DataPemesanan->updateCheckedStatus()
#4 C:\laragon\www\gudangku\system\CodeIgniter.php(410): CodeIgniter\CodeIgniter->runController(Object(App\Controllers\DataPemesanan))
#5 C:\laragon\www\gudangku\system\CodeIgniter.php(318): CodeIgniter\CodeIgniter->handleRequest(NULL, Object(Config\Cache), false)
#6 C:\laragon\www\gudangku\index.php(37): CodeIgniter\CodeIgniter->run()
#7 {main}
CRITICAL - 2024-08-01 13:16:27 --> There is no data to update.
#0 C:\laragon\www\gudangku\system\BaseModel.php(846): CodeIgniter\Database\Exceptions\DataException::forEmptyDataset('update')
#1 C:\laragon\www\gudangku\system\Model.php(646): CodeIgniter\BaseModel->update(Array, Array)
#2 C:\laragon\www\gudangku\app\Controllers\DataPemesanan.php(153): CodeIgniter\Model->update('14', Array)
#3 C:\laragon\www\gudangku\system\CodeIgniter.php(824): App\Controllers\DataPemesanan->updateCheckedStatus()
#4 C:\laragon\www\gudangku\system\CodeIgniter.php(410): CodeIgniter\CodeIgniter->runController(Object(App\Controllers\DataPemesanan))
#5 C:\laragon\www\gudangku\system\CodeIgniter.php(318): CodeIgniter\CodeIgniter->handleRequest(NULL, Object(Config\Cache), false)
#6 C:\laragon\www\gudangku\index.php(37): CodeIgniter\CodeIgniter->run()
#7 {main}
CRITICAL - 2024-08-01 13:16:29 --> There is no data to update.
#0 C:\laragon\www\gudangku\system\BaseModel.php(846): CodeIgniter\Database\Exceptions\DataException::forEmptyDataset('update')
#1 C:\laragon\www\gudangku\system\Model.php(646): CodeIgniter\BaseModel->update(Array, Array)
#2 C:\laragon\www\gudangku\app\Controllers\DataPemesanan.php(153): CodeIgniter\Model->update('14', Array)
#3 C:\laragon\www\gudangku\system\CodeIgniter.php(824): App\Controllers\DataPemesanan->updateCheckedStatus()
#4 C:\laragon\www\gudangku\system\CodeIgniter.php(410): CodeIgniter\CodeIgniter->runController(Object(App\Controllers\DataPemesanan))
#5 C:\laragon\www\gudangku\system\CodeIgniter.php(318): CodeIgniter\CodeIgniter->handleRequest(NULL, Object(Config\Cache), false)
#6 C:\laragon\www\gudangku\index.php(37): CodeIgniter\CodeIgniter->run()
#7 {main}
ERROR - 2024-08-01 14:03:27 --> Column 'tgl_transaksi' cannot be null
ERROR - 2024-08-01 17:18:29 --> Column 'tgl_transaksi' cannot be null
ERROR - 2024-08-01 17:24:45 --> Unknown column 'transaksi.id' in 'order clause'
CRITICAL - 2024-08-01 17:24:45 --> Unknown column 'transaksi.id' in 'order clause'
#0 C:\laragon\www\gudangku\system\Database\MySQLi\Connection.php(292): mysqli->query('SELECT `transak...', 0)
#1 C:\laragon\www\gudangku\system\Database\BaseConnection.php(670): CodeIgniter\Database\MySQLi\Connection->execute('SELECT `transak...')
#2 C:\laragon\www\gudangku\system\Database\BaseConnection.php(598): CodeIgniter\Database\BaseConnection->simpleQuery('SELECT `transak...')
#3 C:\laragon\www\gudangku\system\Database\BaseBuilder.php(1443): CodeIgniter\Database\BaseConnection->query('SELECT `transak...', Array, false)
#4 C:\laragon\www\gudangku\system\Model.php(183): CodeIgniter\Database\BaseBuilder->get()
#5 C:\laragon\www\gudangku\system\BaseModel.php(584): CodeIgniter\Model->doFindAll(0, 0)
#6 C:\laragon\www\gudangku\app\Controllers\DataPemesanan.php(35): CodeIgniter\BaseModel->findAll()
#7 C:\laragon\www\gudangku\system\CodeIgniter.php(824): App\Controllers\DataPemesanan->muatData()
#8 C:\laragon\www\gudangku\system\CodeIgniter.php(410): CodeIgniter\CodeIgniter->runController(Object(App\Controllers\DataPemesanan))
#9 C:\laragon\www\gudangku\system\CodeIgniter.php(318): CodeIgniter\CodeIgniter->handleRequest(NULL, Object(Config\Cache), false)
#10 C:\laragon\www\gudangku\index.php(37): CodeIgniter\CodeIgniter->run()
#11 {main}
ERROR - 2024-08-01 17:25:13 --> Unknown column 'transaksi.id' in 'order clause'
CRITICAL - 2024-08-01 17:25:13 --> Unknown column 'transaksi.id' in 'order clause'
#0 C:\laragon\www\gudangku\system\Database\MySQLi\Connection.php(292): mysqli->query('SELECT `transak...', 0)
#1 C:\laragon\www\gudangku\system\Database\BaseConnection.php(670): CodeIgniter\Database\MySQLi\Connection->execute('SELECT `transak...')
#2 C:\laragon\www\gudangku\system\Database\BaseConnection.php(598): CodeIgniter\Database\BaseConnection->simpleQuery('SELECT `transak...')
#3 C:\laragon\www\gudangku\system\Database\BaseBuilder.php(1443): CodeIgniter\Database\BaseConnection->query('SELECT `transak...', Array, false)
#4 C:\laragon\www\gudangku\system\Model.php(183): CodeIgniter\Database\BaseBuilder->get()
#5 C:\laragon\www\gudangku\system\BaseModel.php(584): CodeIgniter\Model->doFindAll(0, 0)
#6 C:\laragon\www\gudangku\app\Controllers\DataPemesanan.php(35): CodeIgniter\BaseModel->findAll()
#7 C:\laragon\www\gudangku\system\CodeIgniter.php(824): App\Controllers\DataPemesanan->muatData()
#8 C:\laragon\www\gudangku\system\CodeIgniter.php(410): CodeIgniter\CodeIgniter->runController(Object(App\Controllers\DataPemesanan))
#9 C:\laragon\www\gudangku\system\CodeIgniter.php(318): CodeIgniter\CodeIgniter->handleRequest(NULL, Object(Config\Cache), false)
#10 C:\laragon\www\gudangku\index.php(37): CodeIgniter\CodeIgniter->run()
#11 {main}
ERROR - 2024-08-01 17:26:02 --> Unknown column 'transaksi.id' in 'order clause'
CRITICAL - 2024-08-01 17:26:02 --> Unknown column 'transaksi.id' in 'order clause'
#0 C:\laragon\www\gudangku\system\Database\MySQLi\Connection.php(292): mysqli->query('SELECT `transak...', 0)
#1 C:\laragon\www\gudangku\system\Database\BaseConnection.php(670): CodeIgniter\Database\MySQLi\Connection->execute('SELECT `transak...')
#2 C:\laragon\www\gudangku\system\Database\BaseConnection.php(598): CodeIgniter\Database\BaseConnection->simpleQuery('SELECT `transak...')
#3 C:\laragon\www\gudangku\system\Database\BaseBuilder.php(1443): CodeIgniter\Database\BaseConnection->query('SELECT `transak...', Array, false)
#4 C:\laragon\www\gudangku\system\Model.php(183): CodeIgniter\Database\BaseBuilder->get()
#5 C:\laragon\www\gudangku\system\BaseModel.php(584): CodeIgniter\Model->doFindAll(0, 0)
#6 C:\laragon\www\gudangku\app\Controllers\DataPemesanan.php(35): CodeIgniter\BaseModel->findAll()
#7 C:\laragon\www\gudangku\system\CodeIgniter.php(824): App\Controllers\DataPemesanan->muatData()
#8 C:\laragon\www\gudangku\system\CodeIgniter.php(410): CodeIgniter\CodeIgniter->runController(Object(App\Controllers\DataPemesanan))
#9 C:\laragon\www\gudangku\system\CodeIgniter.php(318): CodeIgniter\CodeIgniter->handleRequest(NULL, Object(Config\Cache), false)
#10 C:\laragon\www\gudangku\index.php(37): CodeIgniter\CodeIgniter->run()
#11 {main}
ERROR - 2024-08-01 17:26:05 --> Unknown column 'transaksi.id' in 'order clause'
CRITICAL - 2024-08-01 17:26:05 --> Unknown column 'transaksi.id' in 'order clause'
#0 C:\laragon\www\gudangku\system\Database\MySQLi\Connection.php(292): mysqli->query('SELECT `transak...', 0)
#1 C:\laragon\www\gudangku\system\Database\BaseConnection.php(670): CodeIgniter\Database\MySQLi\Connection->execute('SELECT `transak...')
#2 C:\laragon\www\gudangku\system\Database\BaseConnection.php(598): CodeIgniter\Database\BaseConnection->simpleQuery('SELECT `transak...')
#3 C:\laragon\www\gudangku\system\Database\BaseBuilder.php(1443): CodeIgniter\Database\BaseConnection->query('SELECT `transak...', Array, false)
#4 C:\laragon\www\gudangku\system\Model.php(183): CodeIgniter\Database\BaseBuilder->get()
#5 C:\laragon\www\gudangku\system\BaseModel.php(584): CodeIgniter\Model->doFindAll(0, 0)
#6 C:\laragon\www\gudangku\app\Controllers\DataPemesanan.php(35): CodeIgniter\BaseModel->findAll()
#7 C:\laragon\www\gudangku\system\CodeIgniter.php(824): App\Controllers\DataPemesanan->muatData()
#8 C:\laragon\www\gudangku\system\CodeIgniter.php(410): CodeIgniter\CodeIgniter->runController(Object(App\Controllers\DataPemesanan))
#9 C:\laragon\www\gudangku\system\CodeIgniter.php(318): CodeIgniter\CodeIgniter->handleRequest(NULL, Object(Config\Cache), false)
#10 C:\laragon\www\gudangku\index.php(37): CodeIgniter\CodeIgniter->run()
#11 {main}
