ERROR - 2023-11-29 00:03:45 --> Table 'bengkelin.barang' doesn't exist
CRITICAL - 2023-11-29 00:03:45 --> Table 'bengkelin.barang' doesn't exist
#0 C:\xampp\htdocs\gudangku\system\Database\MySQLi\Connection.php(292): mysqli->query('SELECT *\nFROM `...', 0)
#1 C:\xampp\htdocs\gudangku\system\Database\BaseConnection.php(670): CodeIgniter\Database\MySQLi\Connection->execute('SELECT *\nFROM `...')
#2 C:\xampp\htdocs\gudangku\system\Database\BaseConnection.php(598): CodeIgniter\Database\BaseConnection->simpleQuery('SELECT *\nFROM `...')
#3 C:\xampp\htdocs\gudangku\system\Database\BaseBuilder.php(1443): CodeIgniter\Database\BaseConnection->query('SELECT *\nFROM `...', Array, false)
#4 C:\xampp\htdocs\gudangku\system\Model.php(183): CodeIgniter\Database\BaseBuilder->get()
#5 C:\xampp\htdocs\gudangku\system\BaseModel.php(584): CodeIgniter\Model->doFindAll(0, 0)
#6 C:\xampp\htdocs\gudangku\app\Controllers\BarangMasuk.php(22): CodeIgniter\BaseModel->findAll()
#7 C:\xampp\htdocs\gudangku\system\CodeIgniter.php(824): App\Controllers\BarangMasuk->index()
#8 C:\xampp\htdocs\gudangku\system\CodeIgniter.php(410): CodeIgniter\CodeIgniter->runController(Object(App\Controllers\BarangMasuk))
#9 C:\xampp\htdocs\gudangku\system\CodeIgniter.php(318): CodeIgniter\CodeIgniter->handleRequest(NULL, Object(Config\Cache), false)
#10 C:\xampp\htdocs\gudangku\index.php(37): CodeIgniter\CodeIgniter->run()
#11 {main}
CRITICAL - 2023-11-29 21:36:35 --> syntax error, unexpected ')', expecting ']'
#0 C:\xampp\htdocs\gudangku\system\Router\Router.php(176): CodeIgniter\Router\Router->autoRoute('barangmasuk/bar...')
#1 C:\xampp\htdocs\gudangku\system\CodeIgniter.php(718): CodeIgniter\Router\Router->handle('barangmasuk/bar...')
#2 C:\xampp\htdocs\gudangku\system\CodeIgniter.php(359): CodeIgniter\CodeIgniter->tryToRouteIt(Object(CodeIgniter\Router\RouteCollection))
#3 C:\xampp\htdocs\gudangku\system\CodeIgniter.php(318): CodeIgniter\CodeIgniter->handleRequest(NULL, Object(Config\Cache), false)
#4 C:\xampp\htdocs\gudangku\index.php(37): CodeIgniter\CodeIgniter->run()
#5 {main}
CRITICAL - 2023-11-29 21:36:47 --> syntax error, unexpected ';', expecting ')'
#0 C:\xampp\htdocs\gudangku\system\Router\Router.php(176): CodeIgniter\Router\Router->autoRoute('barangmasuk/bar...')
#1 C:\xampp\htdocs\gudangku\system\CodeIgniter.php(718): CodeIgniter\Router\Router->handle('barangmasuk/bar...')
#2 C:\xampp\htdocs\gudangku\system\CodeIgniter.php(359): CodeIgniter\CodeIgniter->tryToRouteIt(Object(CodeIgniter\Router\RouteCollection))
#3 C:\xampp\htdocs\gudangku\system\CodeIgniter.php(318): CodeIgniter\CodeIgniter->handleRequest(NULL, Object(Config\Cache), false)
#4 C:\xampp\htdocs\gudangku\index.php(37): CodeIgniter\CodeIgniter->run()
#5 {main}
CRITICAL - 2023-11-29 21:36:48 --> syntax error, unexpected ';', expecting ')'
#0 C:\xampp\htdocs\gudangku\system\Router\Router.php(176): CodeIgniter\Router\Router->autoRoute('barangmasuk/bar...')
#1 C:\xampp\htdocs\gudangku\system\CodeIgniter.php(718): CodeIgniter\Router\Router->handle('barangmasuk/bar...')
#2 C:\xampp\htdocs\gudangku\system\CodeIgniter.php(359): CodeIgniter\CodeIgniter->tryToRouteIt(Object(CodeIgniter\Router\RouteCollection))
#3 C:\xampp\htdocs\gudangku\system\CodeIgniter.php(318): CodeIgniter\CodeIgniter->handleRequest(NULL, Object(Config\Cache), false)
#4 C:\xampp\htdocs\gudangku\index.php(37): CodeIgniter\CodeIgniter->run()
#5 {main}
CRITICAL - 2023-11-29 23:42:01 --> There is no data to insert.
#0 C:\xampp\htdocs\gudangku\system\BaseModel.php(718): CodeIgniter\Database\Exceptions\DataException::forEmptyDataset('insert')
#1 C:\xampp\htdocs\gudangku\system\Model.php(620): CodeIgniter\BaseModel->insert(Array, false)
#2 C:\xampp\htdocs\gudangku\system\BaseModel.php(658): CodeIgniter\Model->insert(Array, false)
#3 C:\xampp\htdocs\gudangku\app\Controllers\BarangMasuk.php(43): CodeIgniter\BaseModel->save(Array)
#4 C:\xampp\htdocs\gudangku\system\CodeIgniter.php(824): App\Controllers\BarangMasuk->tambah()
#5 C:\xampp\htdocs\gudangku\system\CodeIgniter.php(410): CodeIgniter\CodeIgniter->runController(Object(App\Controllers\BarangMasuk))
#6 C:\xampp\htdocs\gudangku\system\CodeIgniter.php(318): CodeIgniter\CodeIgniter->handleRequest(NULL, Object(Config\Cache), false)
#7 C:\xampp\htdocs\gudangku\index.php(37): CodeIgniter\CodeIgniter->run()
#8 {main}
CRITICAL - 2023-11-29 23:42:46 --> There is no data to insert.
#0 C:\xampp\htdocs\gudangku\system\BaseModel.php(718): CodeIgniter\Database\Exceptions\DataException::forEmptyDataset('insert')
#1 C:\xampp\htdocs\gudangku\system\Model.php(620): CodeIgniter\BaseModel->insert(Array, false)
#2 C:\xampp\htdocs\gudangku\system\BaseModel.php(658): CodeIgniter\Model->insert(Array, false)
#3 C:\xampp\htdocs\gudangku\app\Controllers\BarangMasuk.php(43): CodeIgniter\BaseModel->save(Array)
#4 C:\xampp\htdocs\gudangku\system\CodeIgniter.php(824): App\Controllers\BarangMasuk->tambah()
#5 C:\xampp\htdocs\gudangku\system\CodeIgniter.php(410): CodeIgniter\CodeIgniter->runController(Object(App\Controllers\BarangMasuk))
#6 C:\xampp\htdocs\gudangku\system\CodeIgniter.php(318): CodeIgniter\CodeIgniter->handleRequest(NULL, Object(Config\Cache), false)
#7 C:\xampp\htdocs\gudangku\index.php(37): CodeIgniter\CodeIgniter->run()
#8 {main}
