CRITICAL - 2023-12-06 21:42:38 --> Undefined property: App\Controllers\BarangMasuk::$barangModel
#0 C:\xampp\htdocs\gudangku\app\Controllers\BarangMasuk.php(20): CodeIgniter\Debug\Exceptions->errorHandler(8, 'Undefined prope...', 'C:\\xampp\\htdocs...', 20, Array)
#1 C:\xampp\htdocs\gudangku\system\CodeIgniter.php(824): App\Controllers\BarangMasuk->index()
#2 C:\xampp\htdocs\gudangku\system\CodeIgniter.php(410): CodeIgniter\CodeIgniter->runController(Object(App\Controllers\BarangMasuk))
#3 C:\xampp\htdocs\gudangku\system\CodeIgniter.php(318): CodeIgniter\CodeIgniter->handleRequest(NULL, Object(Config\Cache), false)
#4 C:\xampp\htdocs\gudangku\index.php(37): CodeIgniter\CodeIgniter->run()
#5 {main}
CRITICAL - 2023-12-06 21:44:55 --> Class 'App\Models\JasaModel' not found
#0 C:\xampp\htdocs\gudangku\system\CodeIgniter.php(801): App\Controllers\Laporan->__construct()
#1 C:\xampp\htdocs\gudangku\system\CodeIgniter.php(401): CodeIgniter\CodeIgniter->createController()
#2 C:\xampp\htdocs\gudangku\system\CodeIgniter.php(318): CodeIgniter\CodeIgniter->handleRequest(NULL, Object(Config\Cache), false)
#3 C:\xampp\htdocs\gudangku\index.php(37): CodeIgniter\CodeIgniter->run()
#4 {main}
ERROR - 2023-12-06 23:00:05 --> Unknown column 'tanggal' in 'where clause'
CRITICAL - 2023-12-06 23:00:05 --> Unknown column 'tanggal' in 'where clause'
#0 C:\xampp\htdocs\gudangku\system\Database\MySQLi\Connection.php(292): mysqli->query('SELECT *\nFROM `...', 0)
#1 C:\xampp\htdocs\gudangku\system\Database\BaseConnection.php(670): CodeIgniter\Database\MySQLi\Connection->execute('SELECT *\nFROM `...')
#2 C:\xampp\htdocs\gudangku\system\Database\BaseConnection.php(598): CodeIgniter\Database\BaseConnection->simpleQuery('SELECT *\nFROM `...')
#3 C:\xampp\htdocs\gudangku\system\Database\BaseBuilder.php(1443): CodeIgniter\Database\BaseConnection->query('SELECT *\nFROM `...', Array, false)
#4 C:\xampp\htdocs\gudangku\system\Model.php(183): CodeIgniter\Database\BaseBuilder->get()
#5 C:\xampp\htdocs\gudangku\system\BaseModel.php(584): CodeIgniter\Model->doFindAll(0, 0)
#6 C:\xampp\htdocs\gudangku\app\Controllers\Laporan.php(29): CodeIgniter\BaseModel->findAll()
#7 C:\xampp\htdocs\gudangku\system\CodeIgniter.php(824): App\Controllers\Laporan->dataBarangMasuk()
#8 C:\xampp\htdocs\gudangku\system\CodeIgniter.php(410): CodeIgniter\CodeIgniter->runController(Object(App\Controllers\Laporan))
#9 C:\xampp\htdocs\gudangku\system\CodeIgniter.php(318): CodeIgniter\CodeIgniter->handleRequest(NULL, Object(Config\Cache), false)
#10 C:\xampp\htdocs\gudangku\index.php(37): CodeIgniter\CodeIgniter->run()
#11 {main}
ERROR - 2023-12-06 23:05:27 --> Unknown column 'tanggal' in 'where clause'
CRITICAL - 2023-12-06 23:05:27 --> Unknown column 'tanggal' in 'where clause'
#0 C:\xampp\htdocs\gudangku\system\Database\MySQLi\Connection.php(292): mysqli->query('SELECT *\nFROM `...', 0)
#1 C:\xampp\htdocs\gudangku\system\Database\BaseConnection.php(670): CodeIgniter\Database\MySQLi\Connection->execute('SELECT *\nFROM `...')
#2 C:\xampp\htdocs\gudangku\system\Database\BaseConnection.php(598): CodeIgniter\Database\BaseConnection->simpleQuery('SELECT *\nFROM `...')
#3 C:\xampp\htdocs\gudangku\system\Database\BaseBuilder.php(1443): CodeIgniter\Database\BaseConnection->query('SELECT *\nFROM `...', Array, false)
#4 C:\xampp\htdocs\gudangku\system\Model.php(183): CodeIgniter\Database\BaseBuilder->get()
#5 C:\xampp\htdocs\gudangku\system\BaseModel.php(584): CodeIgniter\Model->doFindAll(0, 0)
#6 C:\xampp\htdocs\gudangku\app\Controllers\Laporan.php(29): CodeIgniter\BaseModel->findAll()
#7 C:\xampp\htdocs\gudangku\system\CodeIgniter.php(824): App\Controllers\Laporan->dataBarangMasuk()
#8 C:\xampp\htdocs\gudangku\system\CodeIgniter.php(410): CodeIgniter\CodeIgniter->runController(Object(App\Controllers\Laporan))
#9 C:\xampp\htdocs\gudangku\system\CodeIgniter.php(318): CodeIgniter\CodeIgniter->handleRequest(NULL, Object(Config\Cache), false)
#10 C:\xampp\htdocs\gudangku\index.php(37): CodeIgniter\CodeIgniter->run()
#11 {main}
ERROR - 2023-12-06 23:06:04 --> Unknown column 'tanggal' in 'where clause'
CRITICAL - 2023-12-06 23:06:04 --> Unknown column 'tanggal' in 'where clause'
#0 C:\xampp\htdocs\gudangku\system\Database\MySQLi\Connection.php(292): mysqli->query('SELECT *\nFROM `...', 0)
#1 C:\xampp\htdocs\gudangku\system\Database\BaseConnection.php(670): CodeIgniter\Database\MySQLi\Connection->execute('SELECT *\nFROM `...')
#2 C:\xampp\htdocs\gudangku\system\Database\BaseConnection.php(598): CodeIgniter\Database\BaseConnection->simpleQuery('SELECT *\nFROM `...')
#3 C:\xampp\htdocs\gudangku\system\Database\BaseBuilder.php(1443): CodeIgniter\Database\BaseConnection->query('SELECT *\nFROM `...', Array, false)
#4 C:\xampp\htdocs\gudangku\system\Model.php(183): CodeIgniter\Database\BaseBuilder->get()
#5 C:\xampp\htdocs\gudangku\system\BaseModel.php(584): CodeIgniter\Model->doFindAll(0, 0)
#6 C:\xampp\htdocs\gudangku\app\Controllers\Laporan.php(29): CodeIgniter\BaseModel->findAll()
#7 C:\xampp\htdocs\gudangku\system\CodeIgniter.php(824): App\Controllers\Laporan->dataBarangMasuk()
#8 C:\xampp\htdocs\gudangku\system\CodeIgniter.php(410): CodeIgniter\CodeIgniter->runController(Object(App\Controllers\Laporan))
#9 C:\xampp\htdocs\gudangku\system\CodeIgniter.php(318): CodeIgniter\CodeIgniter->handleRequest(NULL, Object(Config\Cache), false)
#10 C:\xampp\htdocs\gudangku\index.php(37): CodeIgniter\CodeIgniter->run()
#11 {main}
CRITICAL - 2023-12-06 23:06:31 --> Undefined variable: transaksi
#0 C:\xampp\htdocs\gudangku\app\Controllers\Laporan.php(61): CodeIgniter\Debug\Exceptions->errorHandler(8, 'Undefined varia...', 'C:\\xampp\\htdocs...', 61, Array)
#1 C:\xampp\htdocs\gudangku\system\CodeIgniter.php(824): App\Controllers\Laporan->dataBarangMasuk()
#2 C:\xampp\htdocs\gudangku\system\CodeIgniter.php(410): CodeIgniter\CodeIgniter->runController(Object(App\Controllers\Laporan))
#3 C:\xampp\htdocs\gudangku\system\CodeIgniter.php(318): CodeIgniter\CodeIgniter->handleRequest(NULL, Object(Config\Cache), false)
#4 C:\xampp\htdocs\gudangku\index.php(37): CodeIgniter\CodeIgniter->run()
#5 {main}
