ERROR - 2024-07-21 00:00:53 --> Table 'gudangku.barangmasuk' doesn't exist
CRITICAL - 2024-07-21 00:00:53 --> Table 'gudangku.barangmasuk' doesn't exist
#0 C:\laragon\www\gudangku\system\Database\MySQLi\Connection.php(292): mysqli->query('SELECT *\nFROM `...', 0)
#1 C:\laragon\www\gudangku\system\Database\BaseConnection.php(670): CodeIgniter\Database\MySQLi\Connection->execute('SELECT *\nFROM `...')
#2 C:\laragon\www\gudangku\system\Database\BaseConnection.php(598): CodeIgniter\Database\BaseConnection->simpleQuery('SELECT *\nFROM `...')
#3 C:\laragon\www\gudangku\system\Database\BaseBuilder.php(1443): CodeIgniter\Database\BaseConnection->query('SELECT *\nFROM `...', Array, false)
#4 C:\laragon\www\gudangku\system\Model.php(183): CodeIgniter\Database\BaseBuilder->get()
#5 C:\laragon\www\gudangku\system\BaseModel.php(584): CodeIgniter\Model->doFindAll(0, 0)
#6 C:\laragon\www\gudangku\app\Controllers\BarangMasuk.php(25): CodeIgniter\BaseModel->findAll()
#7 C:\laragon\www\gudangku\system\CodeIgniter.php(824): App\Controllers\BarangMasuk->muatData()
#8 C:\laragon\www\gudangku\system\CodeIgniter.php(410): CodeIgniter\CodeIgniter->runController(Object(App\Controllers\BarangMasuk))
#9 C:\laragon\www\gudangku\system\CodeIgniter.php(318): CodeIgniter\CodeIgniter->handleRequest(NULL, Object(Config\Cache), false)
#10 C:\laragon\www\gudangku\index.php(37): CodeIgniter\CodeIgniter->run()
#11 {main}
ERROR - 2024-07-21 00:01:59 --> Table 'gudangku.barangmasuk' doesn't exist
CRITICAL - 2024-07-21 00:01:59 --> Table 'gudangku.barangmasuk' doesn't exist
#0 C:\laragon\www\gudangku\system\Database\MySQLi\Connection.php(292): mysqli->query('SELECT *\nFROM `...', 0)
#1 C:\laragon\www\gudangku\system\Database\BaseConnection.php(670): CodeIgniter\Database\MySQLi\Connection->execute('SELECT *\nFROM `...')
#2 C:\laragon\www\gudangku\system\Database\BaseConnection.php(598): CodeIgniter\Database\BaseConnection->simpleQuery('SELECT *\nFROM `...')
#3 C:\laragon\www\gudangku\system\Database\BaseBuilder.php(1443): CodeIgniter\Database\BaseConnection->query('SELECT *\nFROM `...', Array, false)
#4 C:\laragon\www\gudangku\system\Model.php(183): CodeIgniter\Database\BaseBuilder->get()
#5 C:\laragon\www\gudangku\system\BaseModel.php(584): CodeIgniter\Model->doFindAll(0, 0)
#6 C:\laragon\www\gudangku\app\Controllers\BarangMasuk.php(25): CodeIgniter\BaseModel->findAll()
#7 C:\laragon\www\gudangku\system\CodeIgniter.php(824): App\Controllers\BarangMasuk->muatData()
#8 C:\laragon\www\gudangku\system\CodeIgniter.php(410): CodeIgniter\CodeIgniter->runController(Object(App\Controllers\BarangMasuk))
#9 C:\laragon\www\gudangku\system\CodeIgniter.php(318): CodeIgniter\CodeIgniter->handleRequest(NULL, Object(Config\Cache), false)
#10 C:\laragon\www\gudangku\index.php(37): CodeIgniter\CodeIgniter->run()
#11 {main}
