ERROR - 2024-07-20 01:36:09 --> Error connecting to the database: Unknown database 'gudangku'
CRITICAL - 2024-07-20 01:36:09 --> Unable to connect to the database.
Main connection [MySQLi]: Unknown database 'gudangku'
#0 C:\laragon\www\gudangku\system\Database\BaseConnection.php(577): CodeIgniter\Database\BaseConnection->initialize()
#1 C:\laragon\www\gudangku\system\Database\BaseBuilder.php(1443): CodeIgniter\Database\BaseConnection->query('SELECT *\nFROM `...', Array, false)
#2 C:\laragon\www\gudangku\system\Model.php(183): CodeIgniter\Database\BaseBuilder->get()
#3 C:\laragon\www\gudangku\system\BaseModel.php(584): CodeIgniter\Model->doFindAll(0, 0)
#4 C:\laragon\www\gudangku\app\Controllers\Login.php(19): CodeIgniter\BaseModel->findAll()
#5 C:\laragon\www\gudangku\system\CodeIgniter.php(824): App\Controllers\Login->index()
#6 C:\laragon\www\gudangku\system\CodeIgniter.php(410): CodeIgniter\CodeIgniter->runController(Object(App\Controllers\Login))
#7 C:\laragon\www\gudangku\system\CodeIgniter.php(318): CodeIgniter\CodeIgniter->handleRequest(NULL, Object(Config\Cache), false)
#8 C:\laragon\www\gudangku\index.php(37): CodeIgniter\CodeIgniter->run()
#9 {main}
CRITICAL - 2024-07-20 01:36:09 --> Uncaught ErrorException: print_r(): Property access is not allowed yet in C:\laragon\www\gudangku\app\Views\errors\html\error_exception.php:96
Stack trace:
#0 [internal function]: CodeIgniter\Debug\Exceptions->errorHandler(2, 'print_r(): Prop...', 'C:\\laragon\\www\\...', 96, Array)
#1 C:\laragon\www\gudangku\app\Views\errors\html\error_exception.php(96): print_r(Object(App\Controllers\Login), true)
#2 C:\laragon\www\gudangku\system\Debug\Exceptions.php(229): include('C:\\laragon\\www\\...')
#3 C:\laragon\www\gudangku\system\Debug\Exceptions.php(232): CodeIgniter\Debug\Exceptions->CodeIgniter\Debug\{closure}()
#4 C:\laragon\www\gudangku\system\Debug\Exceptions.php(116): CodeIgniter\Debug\Exceptions->render(Object(CodeIgniter\Database\Exceptions\DatabaseException), 500)
#5 [internal function]: CodeIgniter\Debug\Exceptions->exceptionHandler(Object(CodeIgniter\Database\Exceptions\DatabaseException))
#6 {main}
  thrown
#0 [internal function]: CodeIgniter\Debug\Exceptions->shutdownHandler()
#1 {main}
ERROR - 2024-07-20 01:40:13 --> Error connecting to the database: Unknown database 'gudangku'
CRITICAL - 2024-07-20 01:40:13 --> Unable to connect to the database.
Main connection [MySQLi]: Unknown database 'gudangku'
#0 C:\laragon\www\gudangku\system\Database\BaseConnection.php(577): CodeIgniter\Database\BaseConnection->initialize()
#1 C:\laragon\www\gudangku\system\Database\BaseBuilder.php(1443): CodeIgniter\Database\BaseConnection->query('SELECT *\nFROM `...', Array, false)
#2 C:\laragon\www\gudangku\system\Model.php(183): CodeIgniter\Database\BaseBuilder->get()
#3 C:\laragon\www\gudangku\system\BaseModel.php(584): CodeIgniter\Model->doFindAll(0, 0)
#4 C:\laragon\www\gudangku\app\Controllers\Login.php(19): CodeIgniter\BaseModel->findAll()
#5 C:\laragon\www\gudangku\system\CodeIgniter.php(824): App\Controllers\Login->index()
#6 C:\laragon\www\gudangku\system\CodeIgniter.php(410): CodeIgniter\CodeIgniter->runController(Object(App\Controllers\Login))
#7 C:\laragon\www\gudangku\system\CodeIgniter.php(318): CodeIgniter\CodeIgniter->handleRequest(NULL, Object(Config\Cache), false)
#8 C:\laragon\www\gudangku\index.php(37): CodeIgniter\CodeIgniter->run()
#9 {main}
CRITICAL - 2024-07-20 01:40:13 --> Uncaught ErrorException: print_r(): Property access is not allowed yet in C:\laragon\www\gudangku\app\Views\errors\html\error_exception.php:96
Stack trace:
#0 [internal function]: CodeIgniter\Debug\Exceptions->errorHandler(2, 'print_r(): Prop...', 'C:\\laragon\\www\\...', 96, Array)
#1 C:\laragon\www\gudangku\app\Views\errors\html\error_exception.php(96): print_r(Object(App\Controllers\Login), true)
#2 C:\laragon\www\gudangku\system\Debug\Exceptions.php(229): include('C:\\laragon\\www\\...')
#3 C:\laragon\www\gudangku\system\Debug\Exceptions.php(232): CodeIgniter\Debug\Exceptions->CodeIgniter\Debug\{closure}()
#4 C:\laragon\www\gudangku\system\Debug\Exceptions.php(116): CodeIgniter\Debug\Exceptions->render(Object(CodeIgniter\Database\Exceptions\DatabaseException), 500)
#5 [internal function]: CodeIgniter\Debug\Exceptions->exceptionHandler(Object(CodeIgniter\Database\Exceptions\DatabaseException))
#6 {main}
  thrown
#0 [internal function]: CodeIgniter\Debug\Exceptions->shutdownHandler()
#1 {main}
ERROR - 2024-07-20 01:43:22 --> Table 'gudangku.barangmasuk' doesn't exist
CRITICAL - 2024-07-20 01:43:22 --> Table 'gudangku.barangmasuk' doesn't exist
#0 C:\laragon\www\gudangku\system\Database\MySQLi\Connection.php(292): mysqli->query('SELECT *\nFROM `...', 0)
#1 C:\laragon\www\gudangku\system\Database\BaseConnection.php(670): CodeIgniter\Database\MySQLi\Connection->execute('SELECT *\nFROM `...')
#2 C:\laragon\www\gudangku\system\Database\BaseConnection.php(598): CodeIgniter\Database\BaseConnection->simpleQuery('SELECT *\nFROM `...')
#3 C:\laragon\www\gudangku\system\Database\BaseBuilder.php(1443): CodeIgniter\Database\BaseConnection->query('SELECT *\nFROM `...', Array, false)
#4 C:\laragon\www\gudangku\system\Model.php(183): CodeIgniter\Database\BaseBuilder->get()
#5 C:\laragon\www\gudangku\system\BaseModel.php(584): CodeIgniter\Model->doFindAll(0, 0)
#6 C:\laragon\www\gudangku\app\Controllers\BarangMasuk.php(25): CodeIgniter\BaseModel->findAll()
#7 C:\laragon\www\gudangku\system\CodeIgniter.php(824): App\Controllers\BarangMasuk->muatData()
#8 C:\laragon\www\gudangku\system\CodeIgniter.php(410): CodeIgniter\CodeIgniter->runController(Object(App\Controllers\BarangMasuk))
#9 C:\laragon\www\gudangku\system\CodeIgniter.php(318): CodeIgniter\CodeIgniter->handleRequest(NULL, Object(Config\Cache), false)
#10 C:\laragon\www\gudangku\index.php(37): CodeIgniter\CodeIgniter->run()
#11 {main}
ERROR - 2024-07-20 01:44:20 --> Table 'gudangku.barangmasuk' doesn't exist
CRITICAL - 2024-07-20 01:44:20 --> Table 'gudangku.barangmasuk' doesn't exist
#0 C:\laragon\www\gudangku\system\Database\MySQLi\Connection.php(292): mysqli->query('SELECT *\nFROM `...', 0)
#1 C:\laragon\www\gudangku\system\Database\BaseConnection.php(670): CodeIgniter\Database\MySQLi\Connection->execute('SELECT *\nFROM `...')
#2 C:\laragon\www\gudangku\system\Database\BaseConnection.php(598): CodeIgniter\Database\BaseConnection->simpleQuery('SELECT *\nFROM `...')
#3 C:\laragon\www\gudangku\system\Database\BaseBuilder.php(1443): CodeIgniter\Database\BaseConnection->query('SELECT *\nFROM `...', Array, false)
#4 C:\laragon\www\gudangku\system\Model.php(183): CodeIgniter\Database\BaseBuilder->get()
#5 C:\laragon\www\gudangku\system\BaseModel.php(584): CodeIgniter\Model->doFindAll(0, 0)
#6 C:\laragon\www\gudangku\app\Controllers\BarangMasuk.php(25): CodeIgniter\BaseModel->findAll()
#7 C:\laragon\www\gudangku\system\CodeIgniter.php(824): App\Controllers\BarangMasuk->muatData()
#8 C:\laragon\www\gudangku\system\CodeIgniter.php(410): CodeIgniter\CodeIgniter->runController(Object(App\Controllers\BarangMasuk))
#9 C:\laragon\www\gudangku\system\CodeIgniter.php(318): CodeIgniter\CodeIgniter->handleRequest(NULL, Object(Config\Cache), false)
#10 C:\laragon\www\gudangku\index.php(37): CodeIgniter\CodeIgniter->run()
#11 {main}
CRITICAL - 2024-07-20 01:47:41 --> Class 'App\Models\BarangModel' not found
#0 C:\laragon\www\gudangku\system\CodeIgniter.php(801): App\Controllers\Barang->__construct()
#1 C:\laragon\www\gudangku\system\CodeIgniter.php(401): CodeIgniter\CodeIgniter->createController()
#2 C:\laragon\www\gudangku\system\CodeIgniter.php(318): CodeIgniter\CodeIgniter->handleRequest(NULL, Object(Config\Cache), false)
#3 C:\laragon\www\gudangku\index.php(37): CodeIgniter\CodeIgniter->run()
#4 {main}
CRITICAL - 2024-07-20 01:47:44 --> Class 'App\Models\BarangModel' not found
#0 C:\laragon\www\gudangku\system\CodeIgniter.php(801): App\Controllers\DataPemesanan->__construct()
#1 C:\laragon\www\gudangku\system\CodeIgniter.php(401): CodeIgniter\CodeIgniter->createController()
#2 C:\laragon\www\gudangku\system\CodeIgniter.php(318): CodeIgniter\CodeIgniter->handleRequest(NULL, Object(Config\Cache), false)
#3 C:\laragon\www\gudangku\index.php(37): CodeIgniter\CodeIgniter->run()
#4 {main}
CRITICAL - 2024-07-20 01:47:46 --> Class 'App\Models\BarangModel' not found
#0 C:\laragon\www\gudangku\system\CodeIgniter.php(801): App\Controllers\DataPemesanan->__construct()
#1 C:\laragon\www\gudangku\system\CodeIgniter.php(401): CodeIgniter\CodeIgniter->createController()
#2 C:\laragon\www\gudangku\system\CodeIgniter.php(318): CodeIgniter\CodeIgniter->handleRequest(NULL, Object(Config\Cache), false)
#3 C:\laragon\www\gudangku\index.php(37): CodeIgniter\CodeIgniter->run()
#4 {main}
CRITICAL - 2024-07-20 02:05:16 --> Undefined variable: data
#0 C:\laragon\www\gudangku\app\Controllers\Mesin.php(11): CodeIgniter\Debug\Exceptions->errorHandler(8, 'Undefined varia...', 'C:\\laragon\\www\\...', 11, Array)
#1 C:\laragon\www\gudangku\system\CodeIgniter.php(824): App\Controllers\Mesin->index()
#2 C:\laragon\www\gudangku\system\CodeIgniter.php(410): CodeIgniter\CodeIgniter->runController(Object(App\Controllers\Mesin))
#3 C:\laragon\www\gudangku\system\CodeIgniter.php(318): CodeIgniter\CodeIgniter->handleRequest(NULL, Object(Config\Cache), false)
#4 C:\laragon\www\gudangku\index.php(37): CodeIgniter\CodeIgniter->run()
#5 {main}
CRITICAL - 2024-07-20 02:05:21 --> Undefined variable: data
#0 C:\laragon\www\gudangku\app\Controllers\Mesin.php(11): CodeIgniter\Debug\Exceptions->errorHandler(8, 'Undefined varia...', 'C:\\laragon\\www\\...', 11, Array)
#1 C:\laragon\www\gudangku\system\CodeIgniter.php(824): App\Controllers\Mesin->index()
#2 C:\laragon\www\gudangku\system\CodeIgniter.php(410): CodeIgniter\CodeIgniter->runController(Object(App\Controllers\Mesin))
#3 C:\laragon\www\gudangku\system\CodeIgniter.php(318): CodeIgniter\CodeIgniter->handleRequest(NULL, Object(Config\Cache), false)
#4 C:\laragon\www\gudangku\index.php(37): CodeIgniter\CodeIgniter->run()
#5 {main}
CRITICAL - 2024-07-20 02:30:10 --> Cannot declare class App\Controllers\Mesin, because the name is already in use
#0 [internal function]: CodeIgniter\Debug\Exceptions->shutdownHandler()
#1 {main}
CRITICAL - 2024-07-20 02:30:46 --> Cannot declare class App\Controllers\Mesin, because the name is already in use
#0 [internal function]: CodeIgniter\Debug\Exceptions->shutdownHandler()
#1 {main}
CRITICAL - 2024-07-20 02:32:11 --> Cannot declare class App\Controllers\Mesin, because the name is already in use
#0 [internal function]: CodeIgniter\Debug\Exceptions->shutdownHandler()
#1 {main}
CRITICAL - 2024-07-20 02:32:15 --> Cannot declare class App\Controllers\Mesin, because the name is already in use
#0 [internal function]: CodeIgniter\Debug\Exceptions->shutdownHandler()
#1 {main}
CRITICAL - 2024-07-20 02:46:45 --> Invalid file: mesin_view.php
#0 C:\laragon\www\gudangku\system\View\View.php(198): CodeIgniter\Exceptions\FrameworkException::forInvalidFile('mesin_view.php')
#1 C:\laragon\www\gudangku\system\Common.php(1097): CodeIgniter\View\View->render('mesin_view', Array, true)
#2 C:\laragon\www\gudangku\app\Controllers\Mesin.php(12): view('mesin_view')
#3 C:\laragon\www\gudangku\system\CodeIgniter.php(824): App\Controllers\Mesin->index()
#4 C:\laragon\www\gudangku\system\CodeIgniter.php(410): CodeIgniter\CodeIgniter->runController(Object(App\Controllers\Mesin))
#5 C:\laragon\www\gudangku\system\CodeIgniter.php(318): CodeIgniter\CodeIgniter->handleRequest(NULL, Object(Config\Cache), false)
#6 C:\laragon\www\gudangku\index.php(37): CodeIgniter\CodeIgniter->run()
#7 {main}
CRITICAL - 2024-07-20 02:46:56 --> Invalid file: mesin_view.php
#0 C:\laragon\www\gudangku\system\View\View.php(198): CodeIgniter\Exceptions\FrameworkException::forInvalidFile('mesin_view.php')
#1 C:\laragon\www\gudangku\system\Common.php(1097): CodeIgniter\View\View->render('mesin_view', Array, true)
#2 C:\laragon\www\gudangku\app\Controllers\Mesin.php(12): view('mesin_view')
#3 C:\laragon\www\gudangku\system\CodeIgniter.php(824): App\Controllers\Mesin->index()
#4 C:\laragon\www\gudangku\system\CodeIgniter.php(410): CodeIgniter\CodeIgniter->runController(Object(App\Controllers\Mesin))
#5 C:\laragon\www\gudangku\system\CodeIgniter.php(318): CodeIgniter\CodeIgniter->handleRequest(NULL, Object(Config\Cache), false)
#6 C:\laragon\www\gudangku\index.php(37): CodeIgniter\CodeIgniter->run()
#7 {main}
ERROR - 2024-07-20 06:18:18 --> Table 'gudangku.barangmasuk' doesn't exist
CRITICAL - 2024-07-20 06:18:18 --> Table 'gudangku.barangmasuk' doesn't exist
#0 C:\laragon\www\gudangku\system\Database\MySQLi\Connection.php(292): mysqli->query('SELECT *\nFROM `...', 0)
#1 C:\laragon\www\gudangku\system\Database\BaseConnection.php(670): CodeIgniter\Database\MySQLi\Connection->execute('SELECT *\nFROM `...')
#2 C:\laragon\www\gudangku\system\Database\BaseConnection.php(598): CodeIgniter\Database\BaseConnection->simpleQuery('SELECT *\nFROM `...')
#3 C:\laragon\www\gudangku\system\Database\BaseBuilder.php(1443): CodeIgniter\Database\BaseConnection->query('SELECT *\nFROM `...', Array, false)
#4 C:\laragon\www\gudangku\system\Model.php(183): CodeIgniter\Database\BaseBuilder->get()
#5 C:\laragon\www\gudangku\system\BaseModel.php(584): CodeIgniter\Model->doFindAll(0, 0)
#6 C:\laragon\www\gudangku\app\Controllers\BarangMasuk.php(25): CodeIgniter\BaseModel->findAll()
#7 C:\laragon\www\gudangku\system\CodeIgniter.php(824): App\Controllers\BarangMasuk->muatData()
#8 C:\laragon\www\gudangku\system\CodeIgniter.php(410): CodeIgniter\CodeIgniter->runController(Object(App\Controllers\BarangMasuk))
#9 C:\laragon\www\gudangku\system\CodeIgniter.php(318): CodeIgniter\CodeIgniter->handleRequest(NULL, Object(Config\Cache), false)
#10 C:\laragon\www\gudangku\index.php(37): CodeIgniter\CodeIgniter->run()
#11 {main}
CRITICAL - 2024-07-20 08:18:05 --> Invalid file: barang_view.php
#0 C:\laragon\www\gudangku\system\View\View.php(198): CodeIgniter\Exceptions\FrameworkException::forInvalidFile('barang_view.php')
#1 C:\laragon\www\gudangku\system\Common.php(1097): CodeIgniter\View\View->render('barang_view', Array, true)
#2 C:\laragon\www\gudangku\app\Controllers\Barang.php(21): view('barang_view')
#3 C:\laragon\www\gudangku\system\CodeIgniter.php(824): App\Controllers\Barang->index()
#4 C:\laragon\www\gudangku\system\CodeIgniter.php(410): CodeIgniter\CodeIgniter->runController(Object(App\Controllers\Barang))
#5 C:\laragon\www\gudangku\system\CodeIgniter.php(318): CodeIgniter\CodeIgniter->handleRequest(NULL, Object(Config\Cache), false)
#6 C:\laragon\www\gudangku\index.php(37): CodeIgniter\CodeIgniter->run()
#7 {main}
CRITICAL - 2024-07-20 08:18:15 --> Invalid file: barang_view.php
#0 C:\laragon\www\gudangku\system\View\View.php(198): CodeIgniter\Exceptions\FrameworkException::forInvalidFile('barang_view.php')
#1 C:\laragon\www\gudangku\system\Common.php(1097): CodeIgniter\View\View->render('barang_view', Array, true)
#2 C:\laragon\www\gudangku\app\Controllers\Barang.php(21): view('barang_view')
#3 C:\laragon\www\gudangku\system\CodeIgniter.php(824): App\Controllers\Barang->index()
#4 C:\laragon\www\gudangku\system\CodeIgniter.php(410): CodeIgniter\CodeIgniter->runController(Object(App\Controllers\Barang))
#5 C:\laragon\www\gudangku\system\CodeIgniter.php(318): CodeIgniter\CodeIgniter->handleRequest(NULL, Object(Config\Cache), false)
#6 C:\laragon\www\gudangku\index.php(37): CodeIgniter\CodeIgniter->run()
#7 {main}
CRITICAL - 2024-07-20 08:23:39 --> Invalid file: barang_view.php
#0 C:\laragon\www\gudangku\system\View\View.php(198): CodeIgniter\Exceptions\FrameworkException::forInvalidFile('barang_view.php')
#1 C:\laragon\www\gudangku\system\Common.php(1097): CodeIgniter\View\View->render('barang_view', Array, true)
#2 C:\laragon\www\gudangku\app\Controllers\Barang.php(21): view('barang_view')
#3 C:\laragon\www\gudangku\system\CodeIgniter.php(824): App\Controllers\Barang->index()
#4 C:\laragon\www\gudangku\system\CodeIgniter.php(410): CodeIgniter\CodeIgniter->runController(Object(App\Controllers\Barang))
#5 C:\laragon\www\gudangku\system\CodeIgniter.php(318): CodeIgniter\CodeIgniter->handleRequest(NULL, Object(Config\Cache), false)
#6 C:\laragon\www\gudangku\index.php(37): CodeIgniter\CodeIgniter->run()
#7 {main}
CRITICAL - 2024-07-20 08:30:56 --> file_get_contents(): read of 8192 bytes failed with errno=13 Permission denied
#0 [internal function]: CodeIgniter\Debug\Exceptions->errorHandler(8, 'file_get_conten...', 'C:\\laragon\\www\\...', 80, Array)
#1 C:\laragon\www\gudangku\system\Debug\Toolbar\Collectors\History.php(80): file_get_contents('C:\\laragon\\www\\...')
#2 C:\laragon\www\gudangku\system\Debug\Toolbar.php(483): CodeIgniter\Debug\Toolbar\Collectors\History->setFiles(1721482256, 20)
#3 C:\laragon\www\gudangku\system\Debug\Toolbar.php(460): CodeIgniter\Debug\Toolbar->format(Array, 'html')
#4 C:\laragon\www\gudangku\app\Config\Events.php(48): CodeIgniter\Debug\Toolbar->respond()
#5 C:\laragon\www\gudangku\system\Events\Events.php(149): CodeIgniter\Events\Events::Config\{closure}()
#6 C:\laragon\www\gudangku\system\CodeIgniter.php(300): CodeIgniter\Events\Events::trigger('pre_system')
#7 C:\laragon\www\gudangku\index.php(37): CodeIgniter\CodeIgniter->run()
#8 {main}
