ERROR - 2021-12-27 22:00:32 --> Error connecting to the database: Access denied for user ''@'localhost' (using password: NO)
CRITICAL - 2021-12-27 22:00:32 --> Unable to connect to the database.
Main connection [MySQLi]: Access denied for user ''@'localhost' (using password: NO)
#0 C:\xampp\htdocs\bengkelin\system\Database\BaseConnection.php(577): CodeIgniter\Database\BaseConnection->initialize()
#1 C:\xampp\htdocs\bengkelin\system\Database\BaseBuilder.php(1443): CodeIgniter\Database\BaseConnection->query('SELECT *\nFROM `...', Array, false)
#2 C:\xampp\htdocs\bengkelin\system\Model.php(183): CodeIgniter\Database\BaseBuilder->get()
#3 C:\xampp\htdocs\bengkelin\system\BaseModel.php(584): CodeIgniter\Model->doFindAll(0, 0)
#4 C:\xampp\htdocs\bengkelin\app\Controllers\Antrian.php(15): CodeIgniter\BaseModel->findAll()
#5 C:\xampp\htdocs\bengkelin\system\CodeIgniter.php(824): App\Controllers\Antrian->index()
#6 C:\xampp\htdocs\bengkelin\system\CodeIgniter.php(410): CodeIgniter\CodeIgniter->runController(Object(App\Controllers\Antrian))
#7 C:\xampp\htdocs\bengkelin\system\CodeIgniter.php(318): CodeIgniter\CodeIgniter->handleRequest(NULL, Object(Config\Cache), false)
#8 C:\xampp\htdocs\bengkelin\index.php(37): CodeIgniter\CodeIgniter->run()
#9 {main}
ERROR - 2021-12-27 22:00:36 --> Error connecting to the database: Access denied for user ''@'localhost' (using password: NO)
CRITICAL - 2021-12-27 22:00:36 --> Unable to connect to the database.
Main connection [MySQLi]: Access denied for user ''@'localhost' (using password: NO)
#0 C:\xampp\htdocs\bengkelin\system\Database\BaseConnection.php(577): CodeIgniter\Database\BaseConnection->initialize()
#1 C:\xampp\htdocs\bengkelin\system\Database\BaseBuilder.php(1443): CodeIgniter\Database\BaseConnection->query('SELECT *\nFROM `...', Array, false)
#2 C:\xampp\htdocs\bengkelin\system\Model.php(183): CodeIgniter\Database\BaseBuilder->get()
#3 C:\xampp\htdocs\bengkelin\system\BaseModel.php(584): CodeIgniter\Model->doFindAll(0, 0)
#4 C:\xampp\htdocs\bengkelin\app\Controllers\Antrian.php(15): CodeIgniter\BaseModel->findAll()
#5 C:\xampp\htdocs\bengkelin\system\CodeIgniter.php(824): App\Controllers\Antrian->index()
#6 C:\xampp\htdocs\bengkelin\system\CodeIgniter.php(410): CodeIgniter\CodeIgniter->runController(Object(App\Controllers\Antrian))
#7 C:\xampp\htdocs\bengkelin\system\CodeIgniter.php(318): CodeIgniter\CodeIgniter->handleRequest(NULL, Object(Config\Cache), false)
#8 C:\xampp\htdocs\bengkelin\index.php(37): CodeIgniter\CodeIgniter->run()
#9 {main}
ERROR - 2021-12-27 22:00:37 --> Error connecting to the database: Access denied for user ''@'localhost' (using password: NO)
CRITICAL - 2021-12-27 22:00:37 --> Unable to connect to the database.
Main connection [MySQLi]: Access denied for user ''@'localhost' (using password: NO)
#0 C:\xampp\htdocs\bengkelin\system\Database\BaseConnection.php(577): CodeIgniter\Database\BaseConnection->initialize()
#1 C:\xampp\htdocs\bengkelin\system\Database\BaseBuilder.php(1443): CodeIgniter\Database\BaseConnection->query('SELECT *\nFROM `...', Array, false)
#2 C:\xampp\htdocs\bengkelin\system\Model.php(183): CodeIgniter\Database\BaseBuilder->get()
#3 C:\xampp\htdocs\bengkelin\system\BaseModel.php(584): CodeIgniter\Model->doFindAll(0, 0)
#4 C:\xampp\htdocs\bengkelin\app\Controllers\Antrian.php(15): CodeIgniter\BaseModel->findAll()
#5 C:\xampp\htdocs\bengkelin\system\CodeIgniter.php(824): App\Controllers\Antrian->index()
#6 C:\xampp\htdocs\bengkelin\system\CodeIgniter.php(410): CodeIgniter\CodeIgniter->runController(Object(App\Controllers\Antrian))
#7 C:\xampp\htdocs\bengkelin\system\CodeIgniter.php(318): CodeIgniter\CodeIgniter->handleRequest(NULL, Object(Config\Cache), false)
#8 C:\xampp\htdocs\bengkelin\index.php(37): CodeIgniter\CodeIgniter->run()
#9 {main}
ERROR - 2021-12-27 22:00:37 --> Error connecting to the database: Access denied for user ''@'localhost' (using password: NO)
CRITICAL - 2021-12-27 22:00:37 --> Unable to connect to the database.
Main connection [MySQLi]: Access denied for user ''@'localhost' (using password: NO)
#0 C:\xampp\htdocs\bengkelin\system\Database\BaseConnection.php(577): CodeIgniter\Database\BaseConnection->initialize()
#1 C:\xampp\htdocs\bengkelin\system\Database\BaseBuilder.php(1443): CodeIgniter\Database\BaseConnection->query('SELECT *\nFROM `...', Array, false)
#2 C:\xampp\htdocs\bengkelin\system\Model.php(183): CodeIgniter\Database\BaseBuilder->get()
#3 C:\xampp\htdocs\bengkelin\system\BaseModel.php(584): CodeIgniter\Model->doFindAll(0, 0)
#4 C:\xampp\htdocs\bengkelin\app\Controllers\Antrian.php(15): CodeIgniter\BaseModel->findAll()
#5 C:\xampp\htdocs\bengkelin\system\CodeIgniter.php(824): App\Controllers\Antrian->index()
#6 C:\xampp\htdocs\bengkelin\system\CodeIgniter.php(410): CodeIgniter\CodeIgniter->runController(Object(App\Controllers\Antrian))
#7 C:\xampp\htdocs\bengkelin\system\CodeIgniter.php(318): CodeIgniter\CodeIgniter->handleRequest(NULL, Object(Config\Cache), false)
#8 C:\xampp\htdocs\bengkelin\index.php(37): CodeIgniter\CodeIgniter->run()
#9 {main}
ERROR - 2021-12-27 22:01:10 --> Error connecting to the database: Access denied for user ''@'localhost' (using password: NO)
CRITICAL - 2021-12-27 22:01:10 --> Unable to connect to the database.
Main connection [MySQLi]: Access denied for user ''@'localhost' (using password: NO)
#0 C:\xampp\htdocs\bengkelin\system\Database\BaseConnection.php(577): CodeIgniter\Database\BaseConnection->initialize()
#1 C:\xampp\htdocs\bengkelin\system\Database\BaseBuilder.php(1443): CodeIgniter\Database\BaseConnection->query('SELECT *\nFROM `...', Array, false)
#2 C:\xampp\htdocs\bengkelin\system\Model.php(183): CodeIgniter\Database\BaseBuilder->get()
#3 C:\xampp\htdocs\bengkelin\system\BaseModel.php(584): CodeIgniter\Model->doFindAll(0, 0)
#4 C:\xampp\htdocs\bengkelin\app\Controllers\Antrian.php(15): CodeIgniter\BaseModel->findAll()
#5 C:\xampp\htdocs\bengkelin\system\CodeIgniter.php(824): App\Controllers\Antrian->index()
#6 C:\xampp\htdocs\bengkelin\system\CodeIgniter.php(410): CodeIgniter\CodeIgniter->runController(Object(App\Controllers\Antrian))
#7 C:\xampp\htdocs\bengkelin\system\CodeIgniter.php(318): CodeIgniter\CodeIgniter->handleRequest(NULL, Object(Config\Cache), false)
#8 C:\xampp\htdocs\bengkelin\index.php(37): CodeIgniter\CodeIgniter->run()
#9 {main}
ERROR - 2021-12-27 22:01:11 --> Error connecting to the database: Access denied for user ''@'localhost' (using password: NO)
CRITICAL - 2021-12-27 22:01:11 --> Unable to connect to the database.
Main connection [MySQLi]: Access denied for user ''@'localhost' (using password: NO)
#0 C:\xampp\htdocs\bengkelin\system\Database\BaseConnection.php(577): CodeIgniter\Database\BaseConnection->initialize()
#1 C:\xampp\htdocs\bengkelin\system\Database\BaseBuilder.php(1443): CodeIgniter\Database\BaseConnection->query('SELECT *\nFROM `...', Array, false)
#2 C:\xampp\htdocs\bengkelin\system\Model.php(183): CodeIgniter\Database\BaseBuilder->get()
#3 C:\xampp\htdocs\bengkelin\system\BaseModel.php(584): CodeIgniter\Model->doFindAll(0, 0)
#4 C:\xampp\htdocs\bengkelin\app\Controllers\Antrian.php(15): CodeIgniter\BaseModel->findAll()
#5 C:\xampp\htdocs\bengkelin\system\CodeIgniter.php(824): App\Controllers\Antrian->index()
#6 C:\xampp\htdocs\bengkelin\system\CodeIgniter.php(410): CodeIgniter\CodeIgniter->runController(Object(App\Controllers\Antrian))
#7 C:\xampp\htdocs\bengkelin\system\CodeIgniter.php(318): CodeIgniter\CodeIgniter->handleRequest(NULL, Object(Config\Cache), false)
#8 C:\xampp\htdocs\bengkelin\index.php(37): CodeIgniter\CodeIgniter->run()
#9 {main}
ERROR - 2021-12-27 22:01:11 --> Error connecting to the database: Access denied for user ''@'localhost' (using password: NO)
CRITICAL - 2021-12-27 22:01:11 --> Unable to connect to the database.
Main connection [MySQLi]: Access denied for user ''@'localhost' (using password: NO)
#0 C:\xampp\htdocs\bengkelin\system\Database\BaseConnection.php(577): CodeIgniter\Database\BaseConnection->initialize()
#1 C:\xampp\htdocs\bengkelin\system\Database\BaseBuilder.php(1443): CodeIgniter\Database\BaseConnection->query('SELECT *\nFROM `...', Array, false)
#2 C:\xampp\htdocs\bengkelin\system\Model.php(183): CodeIgniter\Database\BaseBuilder->get()
#3 C:\xampp\htdocs\bengkelin\system\BaseModel.php(584): CodeIgniter\Model->doFindAll(0, 0)
#4 C:\xampp\htdocs\bengkelin\app\Controllers\Antrian.php(15): CodeIgniter\BaseModel->findAll()
#5 C:\xampp\htdocs\bengkelin\system\CodeIgniter.php(824): App\Controllers\Antrian->index()
#6 C:\xampp\htdocs\bengkelin\system\CodeIgniter.php(410): CodeIgniter\CodeIgniter->runController(Object(App\Controllers\Antrian))
#7 C:\xampp\htdocs\bengkelin\system\CodeIgniter.php(318): CodeIgniter\CodeIgniter->handleRequest(NULL, Object(Config\Cache), false)
#8 C:\xampp\htdocs\bengkelin\index.php(37): CodeIgniter\CodeIgniter->run()
#9 {main}
ERROR - 2021-12-27 22:01:12 --> Error connecting to the database: Access denied for user ''@'localhost' (using password: NO)
CRITICAL - 2021-12-27 22:01:12 --> Unable to connect to the database.
Main connection [MySQLi]: Access denied for user ''@'localhost' (using password: NO)
#0 C:\xampp\htdocs\bengkelin\system\Database\BaseConnection.php(577): CodeIgniter\Database\BaseConnection->initialize()
#1 C:\xampp\htdocs\bengkelin\system\Database\BaseBuilder.php(1443): CodeIgniter\Database\BaseConnection->query('SELECT *\nFROM `...', Array, false)
#2 C:\xampp\htdocs\bengkelin\system\Model.php(183): CodeIgniter\Database\BaseBuilder->get()
#3 C:\xampp\htdocs\bengkelin\system\BaseModel.php(584): CodeIgniter\Model->doFindAll(0, 0)
#4 C:\xampp\htdocs\bengkelin\app\Controllers\Antrian.php(15): CodeIgniter\BaseModel->findAll()
#5 C:\xampp\htdocs\bengkelin\system\CodeIgniter.php(824): App\Controllers\Antrian->index()
#6 C:\xampp\htdocs\bengkelin\system\CodeIgniter.php(410): CodeIgniter\CodeIgniter->runController(Object(App\Controllers\Antrian))
#7 C:\xampp\htdocs\bengkelin\system\CodeIgniter.php(318): CodeIgniter\CodeIgniter->handleRequest(NULL, Object(Config\Cache), false)
#8 C:\xampp\htdocs\bengkelin\index.php(37): CodeIgniter\CodeIgniter->run()
#9 {main}
ERROR - 2021-12-27 22:01:12 --> Error connecting to the database: Access denied for user ''@'localhost' (using password: NO)
CRITICAL - 2021-12-27 22:01:12 --> Unable to connect to the database.
Main connection [MySQLi]: Access denied for user ''@'localhost' (using password: NO)
#0 C:\xampp\htdocs\bengkelin\system\Database\BaseConnection.php(577): CodeIgniter\Database\BaseConnection->initialize()
#1 C:\xampp\htdocs\bengkelin\system\Database\BaseBuilder.php(1443): CodeIgniter\Database\BaseConnection->query('SELECT *\nFROM `...', Array, false)
#2 C:\xampp\htdocs\bengkelin\system\Model.php(183): CodeIgniter\Database\BaseBuilder->get()
#3 C:\xampp\htdocs\bengkelin\system\BaseModel.php(584): CodeIgniter\Model->doFindAll(0, 0)
#4 C:\xampp\htdocs\bengkelin\app\Controllers\Antrian.php(15): CodeIgniter\BaseModel->findAll()
#5 C:\xampp\htdocs\bengkelin\system\CodeIgniter.php(824): App\Controllers\Antrian->index()
#6 C:\xampp\htdocs\bengkelin\system\CodeIgniter.php(410): CodeIgniter\CodeIgniter->runController(Object(App\Controllers\Antrian))
#7 C:\xampp\htdocs\bengkelin\system\CodeIgniter.php(318): CodeIgniter\CodeIgniter->handleRequest(NULL, Object(Config\Cache), false)
#8 C:\xampp\htdocs\bengkelin\index.php(37): CodeIgniter\CodeIgniter->run()
#9 {main}
ERROR - 2021-12-27 22:01:12 --> Error connecting to the database: Access denied for user ''@'localhost' (using password: NO)
CRITICAL - 2021-12-27 22:01:12 --> Unable to connect to the database.
Main connection [MySQLi]: Access denied for user ''@'localhost' (using password: NO)
#0 C:\xampp\htdocs\bengkelin\system\Database\BaseConnection.php(577): CodeIgniter\Database\BaseConnection->initialize()
#1 C:\xampp\htdocs\bengkelin\system\Database\BaseBuilder.php(1443): CodeIgniter\Database\BaseConnection->query('SELECT *\nFROM `...', Array, false)
#2 C:\xampp\htdocs\bengkelin\system\Model.php(183): CodeIgniter\Database\BaseBuilder->get()
#3 C:\xampp\htdocs\bengkelin\system\BaseModel.php(584): CodeIgniter\Model->doFindAll(0, 0)
#4 C:\xampp\htdocs\bengkelin\app\Controllers\Antrian.php(15): CodeIgniter\BaseModel->findAll()
#5 C:\xampp\htdocs\bengkelin\system\CodeIgniter.php(824): App\Controllers\Antrian->index()
#6 C:\xampp\htdocs\bengkelin\system\CodeIgniter.php(410): CodeIgniter\CodeIgniter->runController(Object(App\Controllers\Antrian))
#7 C:\xampp\htdocs\bengkelin\system\CodeIgniter.php(318): CodeIgniter\CodeIgniter->handleRequest(NULL, Object(Config\Cache), false)
#8 C:\xampp\htdocs\bengkelin\index.php(37): CodeIgniter\CodeIgniter->run()
#9 {main}
ERROR - 2021-12-27 22:01:13 --> Error connecting to the database: Access denied for user ''@'localhost' (using password: NO)
CRITICAL - 2021-12-27 22:01:13 --> Unable to connect to the database.
Main connection [MySQLi]: Access denied for user ''@'localhost' (using password: NO)
#0 C:\xampp\htdocs\bengkelin\system\Database\BaseConnection.php(577): CodeIgniter\Database\BaseConnection->initialize()
#1 C:\xampp\htdocs\bengkelin\system\Database\BaseBuilder.php(1443): CodeIgniter\Database\BaseConnection->query('SELECT *\nFROM `...', Array, false)
#2 C:\xampp\htdocs\bengkelin\system\Model.php(183): CodeIgniter\Database\BaseBuilder->get()
#3 C:\xampp\htdocs\bengkelin\system\BaseModel.php(584): CodeIgniter\Model->doFindAll(0, 0)
#4 C:\xampp\htdocs\bengkelin\app\Controllers\Antrian.php(15): CodeIgniter\BaseModel->findAll()
#5 C:\xampp\htdocs\bengkelin\system\CodeIgniter.php(824): App\Controllers\Antrian->index()
#6 C:\xampp\htdocs\bengkelin\system\CodeIgniter.php(410): CodeIgniter\CodeIgniter->runController(Object(App\Controllers\Antrian))
#7 C:\xampp\htdocs\bengkelin\system\CodeIgniter.php(318): CodeIgniter\CodeIgniter->handleRequest(NULL, Object(Config\Cache), false)
#8 C:\xampp\htdocs\bengkelin\index.php(37): CodeIgniter\CodeIgniter->run()
#9 {main}
ERROR - 2021-12-27 22:01:50 --> Error connecting to the database: Access denied for user ''@'localhost' (using password: NO)
CRITICAL - 2021-12-27 22:01:50 --> Unable to connect to the database.
Main connection [MySQLi]: Access denied for user ''@'localhost' (using password: NO)
#0 C:\xampp\htdocs\bengkelin\system\Database\BaseConnection.php(577): CodeIgniter\Database\BaseConnection->initialize()
#1 C:\xampp\htdocs\bengkelin\system\Database\BaseBuilder.php(1443): CodeIgniter\Database\BaseConnection->query('SELECT *\nFROM `...', Array, false)
#2 C:\xampp\htdocs\bengkelin\system\Model.php(183): CodeIgniter\Database\BaseBuilder->get()
#3 C:\xampp\htdocs\bengkelin\system\BaseModel.php(584): CodeIgniter\Model->doFindAll(0, 0)
#4 C:\xampp\htdocs\bengkelin\app\Controllers\Antrian.php(15): CodeIgniter\BaseModel->findAll()
#5 C:\xampp\htdocs\bengkelin\system\CodeIgniter.php(824): App\Controllers\Antrian->index()
#6 C:\xampp\htdocs\bengkelin\system\CodeIgniter.php(410): CodeIgniter\CodeIgniter->runController(Object(App\Controllers\Antrian))
#7 C:\xampp\htdocs\bengkelin\system\CodeIgniter.php(318): CodeIgniter\CodeIgniter->handleRequest(NULL, Object(Config\Cache), false)
#8 C:\xampp\htdocs\bengkelin\index.php(37): CodeIgniter\CodeIgniter->run()
#9 {main}
ERROR - 2021-12-27 22:02:09 --> Error connecting to the database: Access denied for user ''@'localhost' (using password: NO)
CRITICAL - 2021-12-27 22:02:09 --> Unable to connect to the database.
Main connection [MySQLi]: Access denied for user ''@'localhost' (using password: NO)
#0 C:\xampp\htdocs\bengkelin\system\Database\BaseConnection.php(577): CodeIgniter\Database\BaseConnection->initialize()
#1 C:\xampp\htdocs\bengkelin\system\Database\BaseBuilder.php(1443): CodeIgniter\Database\BaseConnection->query('SELECT *\nFROM `...', Array, false)
#2 C:\xampp\htdocs\bengkelin\system\Model.php(183): CodeIgniter\Database\BaseBuilder->get()
#3 C:\xampp\htdocs\bengkelin\system\BaseModel.php(584): CodeIgniter\Model->doFindAll(0, 0)
#4 C:\xampp\htdocs\bengkelin\app\Controllers\Antrian.php(15): CodeIgniter\BaseModel->findAll()
#5 C:\xampp\htdocs\bengkelin\system\CodeIgniter.php(824): App\Controllers\Antrian->index()
#6 C:\xampp\htdocs\bengkelin\system\CodeIgniter.php(410): CodeIgniter\CodeIgniter->runController(Object(App\Controllers\Antrian))
#7 C:\xampp\htdocs\bengkelin\system\CodeIgniter.php(318): CodeIgniter\CodeIgniter->handleRequest(NULL, Object(Config\Cache), false)
#8 C:\xampp\htdocs\bengkelin\index.php(37): CodeIgniter\CodeIgniter->run()
#9 {main}
ERROR - 2021-12-27 22:02:18 --> Error connecting to the database: Access denied for user ''@'localhost' (using password: NO)
CRITICAL - 2021-12-27 22:02:18 --> Unable to connect to the database.
Main connection [MySQLi]: Access denied for user ''@'localhost' (using password: NO)
#0 C:\xampp\htdocs\bengkelin\system\Database\BaseConnection.php(577): CodeIgniter\Database\BaseConnection->initialize()
#1 C:\xampp\htdocs\bengkelin\system\Database\BaseBuilder.php(1443): CodeIgniter\Database\BaseConnection->query('SELECT *\nFROM `...', Array, false)
#2 C:\xampp\htdocs\bengkelin\system\Model.php(183): CodeIgniter\Database\BaseBuilder->get()
#3 C:\xampp\htdocs\bengkelin\system\BaseModel.php(584): CodeIgniter\Model->doFindAll(0, 0)
#4 C:\xampp\htdocs\bengkelin\app\Controllers\Antrian.php(15): CodeIgniter\BaseModel->findAll()
#5 C:\xampp\htdocs\bengkelin\system\CodeIgniter.php(824): App\Controllers\Antrian->index()
#6 C:\xampp\htdocs\bengkelin\system\CodeIgniter.php(410): CodeIgniter\CodeIgniter->runController(Object(App\Controllers\Antrian))
#7 C:\xampp\htdocs\bengkelin\system\CodeIgniter.php(318): CodeIgniter\CodeIgniter->handleRequest(NULL, Object(Config\Cache), false)
#8 C:\xampp\htdocs\bengkelin\index.php(37): CodeIgniter\CodeIgniter->run()
#9 {main}
ERROR - 2021-12-27 22:02:20 --> Error connecting to the database: Access denied for user ''@'localhost' (using password: NO)
CRITICAL - 2021-12-27 22:02:20 --> Unable to connect to the database.
Main connection [MySQLi]: Access denied for user ''@'localhost' (using password: NO)
#0 C:\xampp\htdocs\bengkelin\system\Database\BaseConnection.php(577): CodeIgniter\Database\BaseConnection->initialize()
#1 C:\xampp\htdocs\bengkelin\system\Database\BaseBuilder.php(1443): CodeIgniter\Database\BaseConnection->query('SELECT *\nFROM `...', Array, false)
#2 C:\xampp\htdocs\bengkelin\system\Model.php(183): CodeIgniter\Database\BaseBuilder->get()
#3 C:\xampp\htdocs\bengkelin\system\BaseModel.php(584): CodeIgniter\Model->doFindAll(0, 0)
#4 C:\xampp\htdocs\bengkelin\app\Controllers\Antrian.php(15): CodeIgniter\BaseModel->findAll()
#5 C:\xampp\htdocs\bengkelin\system\CodeIgniter.php(824): App\Controllers\Antrian->index()
#6 C:\xampp\htdocs\bengkelin\system\CodeIgniter.php(410): CodeIgniter\CodeIgniter->runController(Object(App\Controllers\Antrian))
#7 C:\xampp\htdocs\bengkelin\system\CodeIgniter.php(318): CodeIgniter\CodeIgniter->handleRequest(NULL, Object(Config\Cache), false)
#8 C:\xampp\htdocs\bengkelin\index.php(37): CodeIgniter\CodeIgniter->run()
#9 {main}
ERROR - 2021-12-27 22:02:23 --> Error connecting to the database: Access denied for user ''@'localhost' (using password: NO)
CRITICAL - 2021-12-27 22:02:23 --> Unable to connect to the database.
Main connection [MySQLi]: Access denied for user ''@'localhost' (using password: NO)
#0 C:\xampp\htdocs\bengkelin\system\Database\BaseConnection.php(577): CodeIgniter\Database\BaseConnection->initialize()
#1 C:\xampp\htdocs\bengkelin\system\Database\BaseBuilder.php(1443): CodeIgniter\Database\BaseConnection->query('SELECT *\nFROM `...', Array, false)
#2 C:\xampp\htdocs\bengkelin\system\Model.php(183): CodeIgniter\Database\BaseBuilder->get()
#3 C:\xampp\htdocs\bengkelin\system\BaseModel.php(584): CodeIgniter\Model->doFindAll(0, 0)
#4 C:\xampp\htdocs\bengkelin\app\Controllers\Antrian.php(15): CodeIgniter\BaseModel->findAll()
#5 C:\xampp\htdocs\bengkelin\system\CodeIgniter.php(824): App\Controllers\Antrian->index()
#6 C:\xampp\htdocs\bengkelin\system\CodeIgniter.php(410): CodeIgniter\CodeIgniter->runController(Object(App\Controllers\Antrian))
#7 C:\xampp\htdocs\bengkelin\system\CodeIgniter.php(318): CodeIgniter\CodeIgniter->handleRequest(NULL, Object(Config\Cache), false)
#8 C:\xampp\htdocs\bengkelin\index.php(37): CodeIgniter\CodeIgniter->run()
#9 {main}
ERROR - 2021-12-27 22:02:39 --> Error connecting to the database: Access denied for user ''@'localhost' (using password: NO)
CRITICAL - 2021-12-27 22:02:39 --> Unable to connect to the database.
Main connection [MySQLi]: Access denied for user ''@'localhost' (using password: NO)
#0 C:\xampp\htdocs\bengkelin\system\Database\BaseConnection.php(577): CodeIgniter\Database\BaseConnection->initialize()
#1 C:\xampp\htdocs\bengkelin\system\Database\BaseBuilder.php(1443): CodeIgniter\Database\BaseConnection->query('SELECT *\nFROM `...', Array, false)
#2 C:\xampp\htdocs\bengkelin\system\Model.php(183): CodeIgniter\Database\BaseBuilder->get()
#3 C:\xampp\htdocs\bengkelin\system\BaseModel.php(584): CodeIgniter\Model->doFindAll(0, 0)
#4 C:\xampp\htdocs\bengkelin\app\Controllers\Antrian.php(15): CodeIgniter\BaseModel->findAll()
#5 C:\xampp\htdocs\bengkelin\system\CodeIgniter.php(824): App\Controllers\Antrian->index()
#6 C:\xampp\htdocs\bengkelin\system\CodeIgniter.php(410): CodeIgniter\CodeIgniter->runController(Object(App\Controllers\Antrian))
#7 C:\xampp\htdocs\bengkelin\system\CodeIgniter.php(318): CodeIgniter\CodeIgniter->handleRequest(NULL, Object(Config\Cache), false)
#8 C:\xampp\htdocs\bengkelin\index.php(37): CodeIgniter\CodeIgniter->run()
#9 {main}
ERROR - 2021-12-27 22:02:40 --> Error connecting to the database: Access denied for user ''@'localhost' (using password: NO)
CRITICAL - 2021-12-27 22:02:40 --> Unable to connect to the database.
Main connection [MySQLi]: Access denied for user ''@'localhost' (using password: NO)
#0 C:\xampp\htdocs\bengkelin\system\Database\BaseConnection.php(577): CodeIgniter\Database\BaseConnection->initialize()
#1 C:\xampp\htdocs\bengkelin\system\Database\BaseBuilder.php(1443): CodeIgniter\Database\BaseConnection->query('SELECT *\nFROM `...', Array, false)
#2 C:\xampp\htdocs\bengkelin\system\Model.php(183): CodeIgniter\Database\BaseBuilder->get()
#3 C:\xampp\htdocs\bengkelin\system\BaseModel.php(584): CodeIgniter\Model->doFindAll(0, 0)
#4 C:\xampp\htdocs\bengkelin\app\Controllers\Antrian.php(15): CodeIgniter\BaseModel->findAll()
#5 C:\xampp\htdocs\bengkelin\system\CodeIgniter.php(824): App\Controllers\Antrian->index()
#6 C:\xampp\htdocs\bengkelin\system\CodeIgniter.php(410): CodeIgniter\CodeIgniter->runController(Object(App\Controllers\Antrian))
#7 C:\xampp\htdocs\bengkelin\system\CodeIgniter.php(318): CodeIgniter\CodeIgniter->handleRequest(NULL, Object(Config\Cache), false)
#8 C:\xampp\htdocs\bengkelin\index.php(37): CodeIgniter\CodeIgniter->run()
#9 {main}
ERROR - 2021-12-27 22:02:44 --> Error connecting to the database: Access denied for user ''@'localhost' (using password: NO)
CRITICAL - 2021-12-27 22:02:44 --> Unable to connect to the database.
Main connection [MySQLi]: Access denied for user ''@'localhost' (using password: NO)
#0 C:\xampp\htdocs\bengkelin\system\Database\BaseConnection.php(577): CodeIgniter\Database\BaseConnection->initialize()
#1 C:\xampp\htdocs\bengkelin\system\Database\BaseBuilder.php(1443): CodeIgniter\Database\BaseConnection->query('SELECT *\nFROM `...', Array, false)
#2 C:\xampp\htdocs\bengkelin\system\Model.php(183): CodeIgniter\Database\BaseBuilder->get()
#3 C:\xampp\htdocs\bengkelin\system\BaseModel.php(584): CodeIgniter\Model->doFindAll(0, 0)
#4 C:\xampp\htdocs\bengkelin\app\Controllers\Antrian.php(15): CodeIgniter\BaseModel->findAll()
#5 C:\xampp\htdocs\bengkelin\system\CodeIgniter.php(824): App\Controllers\Antrian->index()
#6 C:\xampp\htdocs\bengkelin\system\CodeIgniter.php(410): CodeIgniter\CodeIgniter->runController(Object(App\Controllers\Antrian))
#7 C:\xampp\htdocs\bengkelin\system\CodeIgniter.php(318): CodeIgniter\CodeIgniter->handleRequest(NULL, Object(Config\Cache), false)
#8 C:\xampp\htdocs\bengkelin\index.php(37): CodeIgniter\CodeIgniter->run()
#9 {main}
ERROR - 2021-12-27 22:03:18 --> Error connecting to the database: Access denied for user ''@'localhost' (using password: NO)
CRITICAL - 2021-12-27 22:03:18 --> Unable to connect to the database.
Main connection [MySQLi]: Access denied for user ''@'localhost' (using password: NO)
#0 C:\xampp\htdocs\bengkelin\system\Database\BaseConnection.php(577): CodeIgniter\Database\BaseConnection->initialize()
#1 C:\xampp\htdocs\bengkelin\system\Database\BaseBuilder.php(1443): CodeIgniter\Database\BaseConnection->query('SELECT *\nFROM `...', Array, false)
#2 C:\xampp\htdocs\bengkelin\system\Model.php(183): CodeIgniter\Database\BaseBuilder->get()
#3 C:\xampp\htdocs\bengkelin\system\BaseModel.php(584): CodeIgniter\Model->doFindAll(0, 0)
#4 C:\xampp\htdocs\bengkelin\app\Controllers\Antrian.php(15): CodeIgniter\BaseModel->findAll()
#5 C:\xampp\htdocs\bengkelin\system\CodeIgniter.php(824): App\Controllers\Antrian->index()
#6 C:\xampp\htdocs\bengkelin\system\CodeIgniter.php(410): CodeIgniter\CodeIgniter->runController(Object(App\Controllers\Antrian))
#7 C:\xampp\htdocs\bengkelin\system\CodeIgniter.php(318): CodeIgniter\CodeIgniter->handleRequest(NULL, Object(Config\Cache), false)
#8 C:\xampp\htdocs\bengkelin\index.php(37): CodeIgniter\CodeIgniter->run()
#9 {main}
ERROR - 2021-12-27 22:03:23 --> Error connecting to the database: Access denied for user ''@'localhost' (using password: NO)
CRITICAL - 2021-12-27 22:03:23 --> Unable to connect to the database.
Main connection [MySQLi]: Access denied for user ''@'localhost' (using password: NO)
#0 C:\xampp\htdocs\bengkelin\system\Database\BaseConnection.php(577): CodeIgniter\Database\BaseConnection->initialize()
#1 C:\xampp\htdocs\bengkelin\system\Database\BaseBuilder.php(1443): CodeIgniter\Database\BaseConnection->query('SELECT *\nFROM `...', Array, false)
#2 C:\xampp\htdocs\bengkelin\system\Model.php(183): CodeIgniter\Database\BaseBuilder->get()
#3 C:\xampp\htdocs\bengkelin\system\BaseModel.php(584): CodeIgniter\Model->doFindAll(0, 0)
#4 C:\xampp\htdocs\bengkelin\app\Controllers\Antrian.php(15): CodeIgniter\BaseModel->findAll()
#5 C:\xampp\htdocs\bengkelin\system\CodeIgniter.php(824): App\Controllers\Antrian->index()
#6 C:\xampp\htdocs\bengkelin\system\CodeIgniter.php(410): CodeIgniter\CodeIgniter->runController(Object(App\Controllers\Antrian))
#7 C:\xampp\htdocs\bengkelin\system\CodeIgniter.php(318): CodeIgniter\CodeIgniter->handleRequest(NULL, Object(Config\Cache), false)
#8 C:\xampp\htdocs\bengkelin\index.php(37): CodeIgniter\CodeIgniter->run()
#9 {main}
ERROR - 2021-12-27 22:03:29 --> Error connecting to the database: Access denied for user ''@'localhost' (using password: NO)
CRITICAL - 2021-12-27 22:03:29 --> Unable to connect to the database.
Main connection [MySQLi]: Access denied for user ''@'localhost' (using password: NO)
#0 C:\xampp\htdocs\bengkelin\system\Database\BaseConnection.php(577): CodeIgniter\Database\BaseConnection->initialize()
#1 C:\xampp\htdocs\bengkelin\system\Database\BaseBuilder.php(1443): CodeIgniter\Database\BaseConnection->query('SELECT *\nFROM `...', Array, false)
#2 C:\xampp\htdocs\bengkelin\system\Model.php(183): CodeIgniter\Database\BaseBuilder->get()
#3 C:\xampp\htdocs\bengkelin\system\BaseModel.php(584): CodeIgniter\Model->doFindAll(0, 0)
#4 C:\xampp\htdocs\bengkelin\app\Controllers\Antrian.php(15): CodeIgniter\BaseModel->findAll()
#5 C:\xampp\htdocs\bengkelin\system\CodeIgniter.php(824): App\Controllers\Antrian->index()
#6 C:\xampp\htdocs\bengkelin\system\CodeIgniter.php(410): CodeIgniter\CodeIgniter->runController(Object(App\Controllers\Antrian))
#7 C:\xampp\htdocs\bengkelin\system\CodeIgniter.php(318): CodeIgniter\CodeIgniter->handleRequest(NULL, Object(Config\Cache), false)
#8 C:\xampp\htdocs\bengkelin\index.php(37): CodeIgniter\CodeIgniter->run()
#9 {main}
ERROR - 2021-12-27 22:03:32 --> Error connecting to the database: Access denied for user ''@'localhost' (using password: NO)
CRITICAL - 2021-12-27 22:03:32 --> Unable to connect to the database.
Main connection [MySQLi]: Access denied for user ''@'localhost' (using password: NO)
#0 C:\xampp\htdocs\bengkelin\system\Database\BaseConnection.php(577): CodeIgniter\Database\BaseConnection->initialize()
#1 C:\xampp\htdocs\bengkelin\system\Database\BaseBuilder.php(1443): CodeIgniter\Database\BaseConnection->query('SELECT *\nFROM `...', Array, false)
#2 C:\xampp\htdocs\bengkelin\system\Model.php(183): CodeIgniter\Database\BaseBuilder->get()
#3 C:\xampp\htdocs\bengkelin\system\BaseModel.php(584): CodeIgniter\Model->doFindAll(0, 0)
#4 C:\xampp\htdocs\bengkelin\app\Controllers\Antrian.php(15): CodeIgniter\BaseModel->findAll()
#5 C:\xampp\htdocs\bengkelin\system\CodeIgniter.php(824): App\Controllers\Antrian->index()
#6 C:\xampp\htdocs\bengkelin\system\CodeIgniter.php(410): CodeIgniter\CodeIgniter->runController(Object(App\Controllers\Antrian))
#7 C:\xampp\htdocs\bengkelin\system\CodeIgniter.php(318): CodeIgniter\CodeIgniter->handleRequest(NULL, Object(Config\Cache), false)
#8 C:\xampp\htdocs\bengkelin\index.php(37): CodeIgniter\CodeIgniter->run()
#9 {main}
ERROR - 2021-12-27 22:03:53 --> Error connecting to the database: Access denied for user ''@'localhost' (using password: NO)
CRITICAL - 2021-12-27 22:03:53 --> Unable to connect to the database.
Main connection [MySQLi]: Access denied for user ''@'localhost' (using password: NO)
#0 C:\xampp\htdocs\bengkelin\system\Database\BaseConnection.php(577): CodeIgniter\Database\BaseConnection->initialize()
#1 C:\xampp\htdocs\bengkelin\system\Database\BaseBuilder.php(1443): CodeIgniter\Database\BaseConnection->query('SELECT *\nFROM `...', Array, false)
#2 C:\xampp\htdocs\bengkelin\system\Model.php(183): CodeIgniter\Database\BaseBuilder->get()
#3 C:\xampp\htdocs\bengkelin\system\BaseModel.php(584): CodeIgniter\Model->doFindAll(0, 0)
#4 C:\xampp\htdocs\bengkelin\app\Controllers\Antrian.php(15): CodeIgniter\BaseModel->findAll()
#5 C:\xampp\htdocs\bengkelin\system\CodeIgniter.php(824): App\Controllers\Antrian->index()
#6 C:\xampp\htdocs\bengkelin\system\CodeIgniter.php(410): CodeIgniter\CodeIgniter->runController(Object(App\Controllers\Antrian))
#7 C:\xampp\htdocs\bengkelin\system\CodeIgniter.php(318): CodeIgniter\CodeIgniter->handleRequest(NULL, Object(Config\Cache), false)
#8 C:\xampp\htdocs\bengkelin\index.php(37): CodeIgniter\CodeIgniter->run()
#9 {main}
ERROR - 2021-12-27 22:03:54 --> Error connecting to the database: Access denied for user ''@'localhost' (using password: NO)
CRITICAL - 2021-12-27 22:03:54 --> Unable to connect to the database.
Main connection [MySQLi]: Access denied for user ''@'localhost' (using password: NO)
#0 C:\xampp\htdocs\bengkelin\system\Database\BaseConnection.php(577): CodeIgniter\Database\BaseConnection->initialize()
#1 C:\xampp\htdocs\bengkelin\system\Database\BaseBuilder.php(1443): CodeIgniter\Database\BaseConnection->query('SELECT *\nFROM `...', Array, false)
#2 C:\xampp\htdocs\bengkelin\system\Model.php(183): CodeIgniter\Database\BaseBuilder->get()
#3 C:\xampp\htdocs\bengkelin\system\BaseModel.php(584): CodeIgniter\Model->doFindAll(0, 0)
#4 C:\xampp\htdocs\bengkelin\app\Controllers\Antrian.php(15): CodeIgniter\BaseModel->findAll()
#5 C:\xampp\htdocs\bengkelin\system\CodeIgniter.php(824): App\Controllers\Antrian->index()
#6 C:\xampp\htdocs\bengkelin\system\CodeIgniter.php(410): CodeIgniter\CodeIgniter->runController(Object(App\Controllers\Antrian))
#7 C:\xampp\htdocs\bengkelin\system\CodeIgniter.php(318): CodeIgniter\CodeIgniter->handleRequest(NULL, Object(Config\Cache), false)
#8 C:\xampp\htdocs\bengkelin\index.php(37): CodeIgniter\CodeIgniter->run()
#9 {main}
ERROR - 2021-12-27 22:03:57 --> Error connecting to the database: Access denied for user ''@'localhost' (using password: NO)
CRITICAL - 2021-12-27 22:03:57 --> Unable to connect to the database.
Main connection [MySQLi]: Access denied for user ''@'localhost' (using password: NO)
#0 C:\xampp\htdocs\bengkelin\system\Database\BaseConnection.php(577): CodeIgniter\Database\BaseConnection->initialize()
#1 C:\xampp\htdocs\bengkelin\system\Database\BaseBuilder.php(1443): CodeIgniter\Database\BaseConnection->query('SELECT *\nFROM `...', Array, false)
#2 C:\xampp\htdocs\bengkelin\system\Model.php(183): CodeIgniter\Database\BaseBuilder->get()
#3 C:\xampp\htdocs\bengkelin\system\BaseModel.php(584): CodeIgniter\Model->doFindAll(0, 0)
#4 C:\xampp\htdocs\bengkelin\app\Controllers\Antrian.php(15): CodeIgniter\BaseModel->findAll()
#5 C:\xampp\htdocs\bengkelin\system\CodeIgniter.php(824): App\Controllers\Antrian->index()
#6 C:\xampp\htdocs\bengkelin\system\CodeIgniter.php(410): CodeIgniter\CodeIgniter->runController(Object(App\Controllers\Antrian))
#7 C:\xampp\htdocs\bengkelin\system\CodeIgniter.php(318): CodeIgniter\CodeIgniter->handleRequest(NULL, Object(Config\Cache), false)
#8 C:\xampp\htdocs\bengkelin\index.php(37): CodeIgniter\CodeIgniter->run()
#9 {main}
ERROR - 2021-12-27 22:05:04 --> Error connecting to the database: Access denied for user ''@'localhost' (using password: NO)
CRITICAL - 2021-12-27 22:05:04 --> Unable to connect to the database.
Main connection [MySQLi]: Access denied for user ''@'localhost' (using password: NO)
#0 C:\xampp\htdocs\bengkelin\system\Database\BaseConnection.php(577): CodeIgniter\Database\BaseConnection->initialize()
#1 C:\xampp\htdocs\bengkelin\system\Database\BaseBuilder.php(1443): CodeIgniter\Database\BaseConnection->query('SELECT *\nFROM `...', Array, false)
#2 C:\xampp\htdocs\bengkelin\system\Model.php(183): CodeIgniter\Database\BaseBuilder->get()
#3 C:\xampp\htdocs\bengkelin\system\BaseModel.php(584): CodeIgniter\Model->doFindAll(0, 0)
#4 C:\xampp\htdocs\bengkelin\app\Controllers\Antrian.php(15): CodeIgniter\BaseModel->findAll()
#5 C:\xampp\htdocs\bengkelin\system\CodeIgniter.php(824): App\Controllers\Antrian->index()
#6 C:\xampp\htdocs\bengkelin\system\CodeIgniter.php(410): CodeIgniter\CodeIgniter->runController(Object(App\Controllers\Antrian))
#7 C:\xampp\htdocs\bengkelin\system\CodeIgniter.php(318): CodeIgniter\CodeIgniter->handleRequest(NULL, Object(Config\Cache), false)
#8 C:\xampp\htdocs\bengkelin\index.php(37): CodeIgniter\CodeIgniter->run()
#9 {main}
ERROR - 2021-12-27 22:05:46 --> Error connecting to the database: Access denied for user ''@'localhost' (using password: NO)
CRITICAL - 2021-12-27 22:05:46 --> Unable to connect to the database.
Main connection [MySQLi]: Access denied for user ''@'localhost' (using password: NO)
#0 C:\xampp\htdocs\bengkelin\system\Database\BaseConnection.php(577): CodeIgniter\Database\BaseConnection->initialize()
#1 C:\xampp\htdocs\bengkelin\system\Database\BaseBuilder.php(1443): CodeIgniter\Database\BaseConnection->query('SELECT *\nFROM `...', Array, false)
#2 C:\xampp\htdocs\bengkelin\system\Model.php(183): CodeIgniter\Database\BaseBuilder->get()
#3 C:\xampp\htdocs\bengkelin\system\BaseModel.php(584): CodeIgniter\Model->doFindAll(0, 0)
#4 C:\xampp\htdocs\bengkelin\app\Controllers\Antrian.php(15): CodeIgniter\BaseModel->findAll()
#5 C:\xampp\htdocs\bengkelin\system\CodeIgniter.php(824): App\Controllers\Antrian->index()
#6 C:\xampp\htdocs\bengkelin\system\CodeIgniter.php(410): CodeIgniter\CodeIgniter->runController(Object(App\Controllers\Antrian))
#7 C:\xampp\htdocs\bengkelin\system\CodeIgniter.php(318): CodeIgniter\CodeIgniter->handleRequest(NULL, Object(Config\Cache), false)
#8 C:\xampp\htdocs\bengkelin\index.php(37): CodeIgniter\CodeIgniter->run()
#9 {main}
ERROR - 2021-12-27 22:05:48 --> Error connecting to the database: Access denied for user ''@'localhost' (using password: NO)
CRITICAL - 2021-12-27 22:05:48 --> Unable to connect to the database.
Main connection [MySQLi]: Access denied for user ''@'localhost' (using password: NO)
#0 C:\xampp\htdocs\bengkelin\system\Database\BaseConnection.php(577): CodeIgniter\Database\BaseConnection->initialize()
#1 C:\xampp\htdocs\bengkelin\system\Database\BaseBuilder.php(1443): CodeIgniter\Database\BaseConnection->query('SELECT *\nFROM `...', Array, false)
#2 C:\xampp\htdocs\bengkelin\system\Model.php(183): CodeIgniter\Database\BaseBuilder->get()
#3 C:\xampp\htdocs\bengkelin\system\BaseModel.php(584): CodeIgniter\Model->doFindAll(0, 0)
#4 C:\xampp\htdocs\bengkelin\app\Controllers\Antrian.php(15): CodeIgniter\BaseModel->findAll()
#5 C:\xampp\htdocs\bengkelin\system\CodeIgniter.php(824): App\Controllers\Antrian->index()
#6 C:\xampp\htdocs\bengkelin\system\CodeIgniter.php(410): CodeIgniter\CodeIgniter->runController(Object(App\Controllers\Antrian))
#7 C:\xampp\htdocs\bengkelin\system\CodeIgniter.php(318): CodeIgniter\CodeIgniter->handleRequest(NULL, Object(Config\Cache), false)
#8 C:\xampp\htdocs\bengkelin\index.php(37): CodeIgniter\CodeIgniter->run()
#9 {main}
ERROR - 2021-12-27 22:06:13 --> Error connecting to the database: Access denied for user ''@'localhost' (using password: NO)
CRITICAL - 2021-12-27 22:06:13 --> Unable to connect to the database.
Main connection [MySQLi]: Access denied for user ''@'localhost' (using password: NO)
#0 C:\xampp\htdocs\bengkelin\system\Database\BaseConnection.php(577): CodeIgniter\Database\BaseConnection->initialize()
#1 C:\xampp\htdocs\bengkelin\system\Database\BaseBuilder.php(1443): CodeIgniter\Database\BaseConnection->query('SELECT *\nFROM `...', Array, false)
#2 C:\xampp\htdocs\bengkelin\system\Model.php(183): CodeIgniter\Database\BaseBuilder->get()
#3 C:\xampp\htdocs\bengkelin\system\BaseModel.php(584): CodeIgniter\Model->doFindAll(0, 0)
#4 C:\xampp\htdocs\bengkelin\app\Controllers\Antrian.php(15): CodeIgniter\BaseModel->findAll()
#5 C:\xampp\htdocs\bengkelin\system\CodeIgniter.php(824): App\Controllers\Antrian->index()
#6 C:\xampp\htdocs\bengkelin\system\CodeIgniter.php(410): CodeIgniter\CodeIgniter->runController(Object(App\Controllers\Antrian))
#7 C:\xampp\htdocs\bengkelin\system\CodeIgniter.php(318): CodeIgniter\CodeIgniter->handleRequest(NULL, Object(Config\Cache), false)
#8 C:\xampp\htdocs\bengkelin\index.php(37): CodeIgniter\CodeIgniter->run()
#9 {main}
ERROR - 2021-12-27 22:07:08 --> Error connecting to the database: Access denied for user ''@'localhost' (using password: NO)
CRITICAL - 2021-12-27 22:07:08 --> Unable to connect to the database.
Main connection [MySQLi]: Access denied for user ''@'localhost' (using password: NO)
#0 C:\xampp\htdocs\bengkelin\system\Database\BaseConnection.php(577): CodeIgniter\Database\BaseConnection->initialize()
#1 C:\xampp\htdocs\bengkelin\system\Database\BaseBuilder.php(1443): CodeIgniter\Database\BaseConnection->query('SELECT *\nFROM `...', Array, false)
#2 C:\xampp\htdocs\bengkelin\system\Model.php(183): CodeIgniter\Database\BaseBuilder->get()
#3 C:\xampp\htdocs\bengkelin\system\BaseModel.php(584): CodeIgniter\Model->doFindAll(0, 0)
#4 C:\xampp\htdocs\bengkelin\app\Controllers\Antrian.php(15): CodeIgniter\BaseModel->findAll()
#5 C:\xampp\htdocs\bengkelin\system\CodeIgniter.php(824): App\Controllers\Antrian->index()
#6 C:\xampp\htdocs\bengkelin\system\CodeIgniter.php(410): CodeIgniter\CodeIgniter->runController(Object(App\Controllers\Antrian))
#7 C:\xampp\htdocs\bengkelin\system\CodeIgniter.php(318): CodeIgniter\CodeIgniter->handleRequest(NULL, Object(Config\Cache), false)
#8 C:\xampp\htdocs\bengkelin\index.php(37): CodeIgniter\CodeIgniter->run()
#9 {main}
CRITICAL - 2021-12-27 22:07:08 --> Uncaught ErrorException: print_r(): Property access is not allowed yet in C:\xampp\htdocs\bengkelin\app\Views\errors\html\error_exception.php:96
Stack trace:
#0 [internal function]: CodeIgniter\Debug\Exceptions->errorHandler(2, 'print_r(): Prop...', 'C:\\xampp\\htdocs...', 96, Array)
#1 C:\xampp\htdocs\bengkelin\app\Views\errors\html\error_exception.php(96): print_r(Object(App\Controllers\Antrian), true)
#2 C:\xampp\htdocs\bengkelin\system\Debug\Exceptions.php(229): include('C:\\xampp\\htdocs...')
#3 C:\xampp\htdocs\bengkelin\system\Debug\Exceptions.php(232): CodeIgniter\Debug\Exceptions->CodeIgniter\Debug\{closure}()
#4 C:\xampp\htdocs\bengkelin\system\Debug\Exceptions.php(116): CodeIgniter\Debug\Exceptions->render(Object(CodeIgniter\Database\Exceptions\DatabaseException), 500)
#5 [internal function]: CodeIgniter\Debug\Exceptions->exceptionHandler(Object(CodeIgniter\Database\Exceptions\DatabaseException))
#6 {main}
  thrown
#0 [internal function]: CodeIgniter\Debug\Exceptions->shutdownHandler()
#1 {main}
ERROR - 2021-12-27 22:14:12 --> Table 'bengkelin.users' doesn't exist
CRITICAL - 2021-12-27 22:14:12 --> Table 'bengkelin.users' doesn't exist
#0 C:\xampp\htdocs\bengkelin\system\Database\MySQLi\Connection.php(292): mysqli->query('SELECT *\nFROM `...', 0)
#1 C:\xampp\htdocs\bengkelin\system\Database\BaseConnection.php(670): CodeIgniter\Database\MySQLi\Connection->execute('SELECT *\nFROM `...')
#2 C:\xampp\htdocs\bengkelin\system\Database\BaseConnection.php(598): CodeIgniter\Database\BaseConnection->simpleQuery('SELECT *\nFROM `...')
#3 C:\xampp\htdocs\bengkelin\system\Database\BaseBuilder.php(1443): CodeIgniter\Database\BaseConnection->query('SELECT *\nFROM `...', Array, false)
#4 C:\xampp\htdocs\bengkelin\system\Model.php(183): CodeIgniter\Database\BaseBuilder->get()
#5 C:\xampp\htdocs\bengkelin\system\BaseModel.php(584): CodeIgniter\Model->doFindAll(0, 0)
#6 C:\xampp\htdocs\bengkelin\app\Controllers\Antrian.php(15): CodeIgniter\BaseModel->findAll()
#7 C:\xampp\htdocs\bengkelin\system\CodeIgniter.php(824): App\Controllers\Antrian->index()
#8 C:\xampp\htdocs\bengkelin\system\CodeIgniter.php(410): CodeIgniter\CodeIgniter->runController(Object(App\Controllers\Antrian))
#9 C:\xampp\htdocs\bengkelin\system\CodeIgniter.php(318): CodeIgniter\CodeIgniter->handleRequest(NULL, Object(Config\Cache), false)
#10 C:\xampp\htdocs\bengkelin\index.php(37): CodeIgniter\CodeIgniter->run()
#11 {main}
CRITICAL - 2021-12-27 22:14:31 --> Undefined variable: antrian
#0 C:\xampp\htdocs\bengkelin\app\Views\antrian.php(14): CodeIgniter\Debug\Exceptions->errorHandler(8, 'Undefined varia...', 'C:\\xampp\\htdocs...', 14, Array)
#1 C:\xampp\htdocs\bengkelin\system\View\View.php(214): include('C:\\xampp\\htdocs...')
#2 C:\xampp\htdocs\bengkelin\system\View\View.php(217): CodeIgniter\View\View->CodeIgniter\View\{closure}()
#3 C:\xampp\htdocs\bengkelin\system\Common.php(1097): CodeIgniter\View\View->render('antrian', Array, true)
#4 C:\xampp\htdocs\bengkelin\app\Controllers\Antrian.php(18): view('antrian', Array)
#5 C:\xampp\htdocs\bengkelin\system\CodeIgniter.php(824): App\Controllers\Antrian->index()
#6 C:\xampp\htdocs\bengkelin\system\CodeIgniter.php(410): CodeIgniter\CodeIgniter->runController(Object(App\Controllers\Antrian))
#7 C:\xampp\htdocs\bengkelin\system\CodeIgniter.php(318): CodeIgniter\CodeIgniter->handleRequest(NULL, Object(Config\Cache), false)
#8 C:\xampp\htdocs\bengkelin\index.php(37): CodeIgniter\CodeIgniter->run()
#9 {main}
CRITICAL - 2021-12-27 22:27:32 --> Invalid file: layout/template.php
#0 C:\xampp\htdocs\bengkelin\system\View\View.php(198): CodeIgniter\Exceptions\FrameworkException::forInvalidFile('layout/template...')
#1 C:\xampp\htdocs\bengkelin\system\View\View.php(230): CodeIgniter\View\View->render('layout/template', Array, true)
#2 C:\xampp\htdocs\bengkelin\system\Common.php(1097): CodeIgniter\View\View->render('antrian', Array, true)
#3 C:\xampp\htdocs\bengkelin\app\Controllers\Antrian.php(18): view('antrian', Array)
#4 C:\xampp\htdocs\bengkelin\system\CodeIgniter.php(824): App\Controllers\Antrian->index()
#5 C:\xampp\htdocs\bengkelin\system\CodeIgniter.php(410): CodeIgniter\CodeIgniter->runController(Object(App\Controllers\Antrian))
#6 C:\xampp\htdocs\bengkelin\system\CodeIgniter.php(318): CodeIgniter\CodeIgniter->handleRequest(NULL, Object(Config\Cache), false)
#7 C:\xampp\htdocs\bengkelin\index.php(37): CodeIgniter\CodeIgniter->run()
#8 {main}
