CRITICAL - 2023-12-13 00:27:56 --> Undefined variable: k
#0 C:\xampp\htdocs\gudangku\app\Controllers\Laporan.php(41): CodeIgniter\Debug\Exceptions->errorHandler(8, 'Undefined varia...', 'C:\\xampp\\htdocs...', 41, Array)
#1 C:\xampp\htdocs\gudangku\system\CodeIgniter.php(824): App\Controllers\Laporan->dataBarangMasuk()
#2 C:\xampp\htdocs\gudangku\system\CodeIgniter.php(410): CodeIgniter\CodeIgniter->runController(Object(App\Controllers\Laporan))
#3 C:\xampp\htdocs\gudangku\system\CodeIgniter.php(318): CodeIgniter\CodeIgniter->handleRequest(NULL, Object(Config\Cache), false)
#4 C:\xampp\htdocs\gudangku\index.php(37): CodeIgniter\CodeIgniter->run()
#5 {main}
CRITICAL - 2023-12-13 00:29:18 --> Undefined variable: k
#0 C:\xampp\htdocs\gudangku\app\Controllers\Laporan.php(41): CodeIgniter\Debug\Exceptions->errorHandler(8, 'Undefined varia...', 'C:\\xampp\\htdocs...', 41, Array)
#1 C:\xampp\htdocs\gudangku\system\CodeIgniter.php(824): App\Controllers\Laporan->dataBarangMasuk()
#2 C:\xampp\htdocs\gudangku\system\CodeIgniter.php(410): CodeIgniter\CodeIgniter->runController(Object(App\Controllers\Laporan))
#3 C:\xampp\htdocs\gudangku\system\CodeIgniter.php(318): CodeIgniter\CodeIgniter->handleRequest(NULL, Object(Config\Cache), false)
#4 C:\xampp\htdocs\gudangku\index.php(37): CodeIgniter\CodeIgniter->run()
#5 {main}
CRITICAL - 2023-12-13 00:29:52 --> Undefined offset: 9
#0 C:\xampp\htdocs\gudangku\app\Controllers\Laporan.php(47): CodeIgniter\Debug\Exceptions->errorHandler(8, 'Undefined offse...', 'C:\\xampp\\htdocs...', 47, Array)
#1 C:\xampp\htdocs\gudangku\system\CodeIgniter.php(824): App\Controllers\Laporan->dataBarangMasuk()
#2 C:\xampp\htdocs\gudangku\system\CodeIgniter.php(410): CodeIgniter\CodeIgniter->runController(Object(App\Controllers\Laporan))
#3 C:\xampp\htdocs\gudangku\system\CodeIgniter.php(318): CodeIgniter\CodeIgniter->handleRequest(NULL, Object(Config\Cache), false)
#4 C:\xampp\htdocs\gudangku\index.php(37): CodeIgniter\CodeIgniter->run()
#5 {main}
CRITICAL - 2023-12-13 00:30:06 --> Undefined offset: 9
#0 C:\xampp\htdocs\gudangku\app\Controllers\Laporan.php(47): CodeIgniter\Debug\Exceptions->errorHandler(8, 'Undefined offse...', 'C:\\xampp\\htdocs...', 47, Array)
#1 C:\xampp\htdocs\gudangku\system\CodeIgniter.php(824): App\Controllers\Laporan->dataBarangMasuk()
#2 C:\xampp\htdocs\gudangku\system\CodeIgniter.php(410): CodeIgniter\CodeIgniter->runController(Object(App\Controllers\Laporan))
#3 C:\xampp\htdocs\gudangku\system\CodeIgniter.php(318): CodeIgniter\CodeIgniter->handleRequest(NULL, Object(Config\Cache), false)
#4 C:\xampp\htdocs\gudangku\index.php(37): CodeIgniter\CodeIgniter->run()
#5 {main}
CRITICAL - 2023-12-13 00:59:13 --> syntax error, unexpected '"karyawan"' (T_CONSTANT_ENCAPSED_STRING), expecting ']'
#0 C:\xampp\htdocs\gudangku\system\Router\Router.php(176): CodeIgniter\Router\Router->autoRoute('barangkeluar')
#1 C:\xampp\htdocs\gudangku\system\CodeIgniter.php(718): CodeIgniter\Router\Router->handle('barangkeluar')
#2 C:\xampp\htdocs\gudangku\system\CodeIgniter.php(359): CodeIgniter\CodeIgniter->tryToRouteIt(Object(CodeIgniter\Router\RouteCollection))
#3 C:\xampp\htdocs\gudangku\system\CodeIgniter.php(318): CodeIgniter\CodeIgniter->handleRequest(NULL, Object(Config\Cache), false)
#4 C:\xampp\htdocs\gudangku\index.php(37): CodeIgniter\CodeIgniter->run()
#5 {main}
ERROR - 2023-12-13 22:01:49 --> Table 'gudangku.user' doesn't exist in engine
CRITICAL - 2023-12-13 22:01:49 --> Table 'gudangku.user' doesn't exist in engine
#0 C:\xampp\htdocs\gudangku\system\Database\MySQLi\Connection.php(292): mysqli->query('SELECT *\nFROM `...', 0)
#1 C:\xampp\htdocs\gudangku\system\Database\BaseConnection.php(670): CodeIgniter\Database\MySQLi\Connection->execute('SELECT *\nFROM `...')
#2 C:\xampp\htdocs\gudangku\system\Database\BaseConnection.php(598): CodeIgniter\Database\BaseConnection->simpleQuery('SELECT *\nFROM `...')
#3 C:\xampp\htdocs\gudangku\system\Database\BaseBuilder.php(1443): CodeIgniter\Database\BaseConnection->query('SELECT *\nFROM `...', Array, false)
#4 C:\xampp\htdocs\gudangku\system\Model.php(183): CodeIgniter\Database\BaseBuilder->get()
#5 C:\xampp\htdocs\gudangku\system\BaseModel.php(584): CodeIgniter\Model->doFindAll(0, 0)
#6 C:\xampp\htdocs\gudangku\app\Controllers\User.php(22): CodeIgniter\BaseModel->findAll()
#7 C:\xampp\htdocs\gudangku\system\CodeIgniter.php(824): App\Controllers\User->muatData()
#8 C:\xampp\htdocs\gudangku\system\CodeIgniter.php(410): CodeIgniter\CodeIgniter->runController(Object(App\Controllers\User))
#9 C:\xampp\htdocs\gudangku\system\CodeIgniter.php(318): CodeIgniter\CodeIgniter->handleRequest(NULL, Object(Config\Cache), false)
#10 C:\xampp\htdocs\gudangku\index.php(37): CodeIgniter\CodeIgniter->run()
#11 {main}
ERROR - 2023-12-13 22:02:05 --> Table 'gudangku.user' doesn't exist in engine
CRITICAL - 2023-12-13 22:02:05 --> Table 'gudangku.user' doesn't exist in engine
#0 C:\xampp\htdocs\gudangku\system\Database\MySQLi\Connection.php(292): mysqli->query('SELECT *\nFROM `...', 0)
#1 C:\xampp\htdocs\gudangku\system\Database\BaseConnection.php(670): CodeIgniter\Database\MySQLi\Connection->execute('SELECT *\nFROM `...')
#2 C:\xampp\htdocs\gudangku\system\Database\BaseConnection.php(598): CodeIgniter\Database\BaseConnection->simpleQuery('SELECT *\nFROM `...')
#3 C:\xampp\htdocs\gudangku\system\Database\BaseBuilder.php(1443): CodeIgniter\Database\BaseConnection->query('SELECT *\nFROM `...', Array, false)
#4 C:\xampp\htdocs\gudangku\system\Model.php(183): CodeIgniter\Database\BaseBuilder->get()
#5 C:\xampp\htdocs\gudangku\system\BaseModel.php(584): CodeIgniter\Model->doFindAll(0, 0)
#6 C:\xampp\htdocs\gudangku\app\Controllers\User.php(22): CodeIgniter\BaseModel->findAll()
#7 C:\xampp\htdocs\gudangku\system\CodeIgniter.php(824): App\Controllers\User->muatData()
#8 C:\xampp\htdocs\gudangku\system\CodeIgniter.php(410): CodeIgniter\CodeIgniter->runController(Object(App\Controllers\User))
#9 C:\xampp\htdocs\gudangku\system\CodeIgniter.php(318): CodeIgniter\CodeIgniter->handleRequest(NULL, Object(Config\Cache), false)
#10 C:\xampp\htdocs\gudangku\index.php(37): CodeIgniter\CodeIgniter->run()
#11 {main}
ERROR - 2023-12-13 22:02:21 --> Table 'gudangku.user' doesn't exist in engine
CRITICAL - 2023-12-13 22:02:21 --> Table 'gudangku.user' doesn't exist in engine
#0 C:\xampp\htdocs\gudangku\system\Database\MySQLi\Connection.php(292): mysqli->query('SELECT COUNT(*)...', 0)
#1 C:\xampp\htdocs\gudangku\system\Database\BaseConnection.php(670): CodeIgniter\Database\MySQLi\Connection->execute('SELECT COUNT(*)...')
#2 C:\xampp\htdocs\gudangku\system\Database\BaseConnection.php(598): CodeIgniter\Database\BaseConnection->simpleQuery('SELECT COUNT(*)...')
#3 C:\xampp\htdocs\gudangku\system\Database\BaseBuilder.php(1527): CodeIgniter\Database\BaseConnection->query('SELECT COUNT(*)...', Array, false)
#4 C:\xampp\htdocs\gudangku\system\Model.php(509): CodeIgniter\Database\BaseBuilder->countAllResults(true)
#5 C:\xampp\htdocs\gudangku\system\Model.php(592): CodeIgniter\Model->countAllResults()
#6 C:\xampp\htdocs\gudangku\system\BaseModel.php(655): CodeIgniter\Model->shouldUpdate(Array)
#7 C:\xampp\htdocs\gudangku\app\Controllers\User.php(33): CodeIgniter\BaseModel->save(Array)
#8 C:\xampp\htdocs\gudangku\system\CodeIgniter.php(824): App\Controllers\User->tambah()
#9 C:\xampp\htdocs\gudangku\system\CodeIgniter.php(410): CodeIgniter\CodeIgniter->runController(Object(App\Controllers\User))
#10 C:\xampp\htdocs\gudangku\system\CodeIgniter.php(318): CodeIgniter\CodeIgniter->handleRequest(NULL, Object(Config\Cache), false)
#11 C:\xampp\htdocs\gudangku\index.php(37): CodeIgniter\CodeIgniter->run()
#12 {main}
ERROR - 2023-12-13 22:02:52 --> Table 'gudangku.user' doesn't exist in engine
CRITICAL - 2023-12-13 22:02:52 --> Table 'gudangku.user' doesn't exist in engine
#0 C:\xampp\htdocs\gudangku\system\Database\MySQLi\Connection.php(292): mysqli->query('SELECT *\nFROM `...', 0)
#1 C:\xampp\htdocs\gudangku\system\Database\BaseConnection.php(670): CodeIgniter\Database\MySQLi\Connection->execute('SELECT *\nFROM `...')
#2 C:\xampp\htdocs\gudangku\system\Database\BaseConnection.php(598): CodeIgniter\Database\BaseConnection->simpleQuery('SELECT *\nFROM `...')
#3 C:\xampp\htdocs\gudangku\system\Database\BaseBuilder.php(1443): CodeIgniter\Database\BaseConnection->query('SELECT *\nFROM `...', Array, false)
#4 C:\xampp\htdocs\gudangku\system\Model.php(183): CodeIgniter\Database\BaseBuilder->get()
#5 C:\xampp\htdocs\gudangku\system\BaseModel.php(584): CodeIgniter\Model->doFindAll(0, 0)
#6 C:\xampp\htdocs\gudangku\app\Controllers\User.php(22): CodeIgniter\BaseModel->findAll()
#7 C:\xampp\htdocs\gudangku\system\CodeIgniter.php(824): App\Controllers\User->muatData()
#8 C:\xampp\htdocs\gudangku\system\CodeIgniter.php(410): CodeIgniter\CodeIgniter->runController(Object(App\Controllers\User))
#9 C:\xampp\htdocs\gudangku\system\CodeIgniter.php(318): CodeIgniter\CodeIgniter->handleRequest(NULL, Object(Config\Cache), false)
#10 C:\xampp\htdocs\gudangku\index.php(37): CodeIgniter\CodeIgniter->run()
#11 {main}
ERROR - 2023-12-13 22:02:53 --> Table 'gudangku.user' doesn't exist in engine
CRITICAL - 2023-12-13 22:02:53 --> Table 'gudangku.user' doesn't exist in engine
#0 C:\xampp\htdocs\gudangku\system\Database\MySQLi\Connection.php(292): mysqli->query('SELECT *\nFROM `...', 0)
#1 C:\xampp\htdocs\gudangku\system\Database\BaseConnection.php(670): CodeIgniter\Database\MySQLi\Connection->execute('SELECT *\nFROM `...')
#2 C:\xampp\htdocs\gudangku\system\Database\BaseConnection.php(598): CodeIgniter\Database\BaseConnection->simpleQuery('SELECT *\nFROM `...')
#3 C:\xampp\htdocs\gudangku\system\Database\BaseBuilder.php(1443): CodeIgniter\Database\BaseConnection->query('SELECT *\nFROM `...', Array, false)
#4 C:\xampp\htdocs\gudangku\system\Model.php(183): CodeIgniter\Database\BaseBuilder->get()
#5 C:\xampp\htdocs\gudangku\system\BaseModel.php(584): CodeIgniter\Model->doFindAll(0, 0)
#6 C:\xampp\htdocs\gudangku\app\Controllers\User.php(22): CodeIgniter\BaseModel->findAll()
#7 C:\xampp\htdocs\gudangku\system\CodeIgniter.php(824): App\Controllers\User->muatData()
#8 C:\xampp\htdocs\gudangku\system\CodeIgniter.php(410): CodeIgniter\CodeIgniter->runController(Object(App\Controllers\User))
#9 C:\xampp\htdocs\gudangku\system\CodeIgniter.php(318): CodeIgniter\CodeIgniter->handleRequest(NULL, Object(Config\Cache), false)
#10 C:\xampp\htdocs\gudangku\index.php(37): CodeIgniter\CodeIgniter->run()
#11 {main}
ERROR - 2023-12-13 22:02:53 --> Table 'gudangku.user' doesn't exist in engine
CRITICAL - 2023-12-13 22:02:53 --> Table 'gudangku.user' doesn't exist in engine
#0 C:\xampp\htdocs\gudangku\system\Database\MySQLi\Connection.php(292): mysqli->query('SELECT *\nFROM `...', 0)
#1 C:\xampp\htdocs\gudangku\system\Database\BaseConnection.php(670): CodeIgniter\Database\MySQLi\Connection->execute('SELECT *\nFROM `...')
#2 C:\xampp\htdocs\gudangku\system\Database\BaseConnection.php(598): CodeIgniter\Database\BaseConnection->simpleQuery('SELECT *\nFROM `...')
#3 C:\xampp\htdocs\gudangku\system\Database\BaseBuilder.php(1443): CodeIgniter\Database\BaseConnection->query('SELECT *\nFROM `...', Array, false)
#4 C:\xampp\htdocs\gudangku\system\Model.php(183): CodeIgniter\Database\BaseBuilder->get()
#5 C:\xampp\htdocs\gudangku\system\BaseModel.php(584): CodeIgniter\Model->doFindAll(0, 0)
#6 C:\xampp\htdocs\gudangku\app\Controllers\User.php(22): CodeIgniter\BaseModel->findAll()
#7 C:\xampp\htdocs\gudangku\system\CodeIgniter.php(824): App\Controllers\User->muatData()
#8 C:\xampp\htdocs\gudangku\system\CodeIgniter.php(410): CodeIgniter\CodeIgniter->runController(Object(App\Controllers\User))
#9 C:\xampp\htdocs\gudangku\system\CodeIgniter.php(318): CodeIgniter\CodeIgniter->handleRequest(NULL, Object(Config\Cache), false)
#10 C:\xampp\htdocs\gudangku\index.php(37): CodeIgniter\CodeIgniter->run()
#11 {main}
ERROR - 2023-12-13 22:02:54 --> Table 'gudangku.user' doesn't exist in engine
CRITICAL - 2023-12-13 22:02:54 --> Table 'gudangku.user' doesn't exist in engine
#0 C:\xampp\htdocs\gudangku\system\Database\MySQLi\Connection.php(292): mysqli->query('SELECT *\nFROM `...', 0)
#1 C:\xampp\htdocs\gudangku\system\Database\BaseConnection.php(670): CodeIgniter\Database\MySQLi\Connection->execute('SELECT *\nFROM `...')
#2 C:\xampp\htdocs\gudangku\system\Database\BaseConnection.php(598): CodeIgniter\Database\BaseConnection->simpleQuery('SELECT *\nFROM `...')
#3 C:\xampp\htdocs\gudangku\system\Database\BaseBuilder.php(1443): CodeIgniter\Database\BaseConnection->query('SELECT *\nFROM `...', Array, false)
#4 C:\xampp\htdocs\gudangku\system\Model.php(183): CodeIgniter\Database\BaseBuilder->get()
#5 C:\xampp\htdocs\gudangku\system\BaseModel.php(584): CodeIgniter\Model->doFindAll(0, 0)
#6 C:\xampp\htdocs\gudangku\app\Controllers\User.php(22): CodeIgniter\BaseModel->findAll()
#7 C:\xampp\htdocs\gudangku\system\CodeIgniter.php(824): App\Controllers\User->muatData()
#8 C:\xampp\htdocs\gudangku\system\CodeIgniter.php(410): CodeIgniter\CodeIgniter->runController(Object(App\Controllers\User))
#9 C:\xampp\htdocs\gudangku\system\CodeIgniter.php(318): CodeIgniter\CodeIgniter->handleRequest(NULL, Object(Config\Cache), false)
#10 C:\xampp\htdocs\gudangku\index.php(37): CodeIgniter\CodeIgniter->run()
#11 {main}
ERROR - 2023-12-13 22:02:54 --> Table 'gudangku.user' doesn't exist in engine
CRITICAL - 2023-12-13 22:02:54 --> Table 'gudangku.user' doesn't exist in engine
#0 C:\xampp\htdocs\gudangku\system\Database\MySQLi\Connection.php(292): mysqli->query('SELECT *\nFROM `...', 0)
#1 C:\xampp\htdocs\gudangku\system\Database\BaseConnection.php(670): CodeIgniter\Database\MySQLi\Connection->execute('SELECT *\nFROM `...')
#2 C:\xampp\htdocs\gudangku\system\Database\BaseConnection.php(598): CodeIgniter\Database\BaseConnection->simpleQuery('SELECT *\nFROM `...')
#3 C:\xampp\htdocs\gudangku\system\Database\BaseBuilder.php(1443): CodeIgniter\Database\BaseConnection->query('SELECT *\nFROM `...', Array, false)
#4 C:\xampp\htdocs\gudangku\system\Model.php(183): CodeIgniter\Database\BaseBuilder->get()
#5 C:\xampp\htdocs\gudangku\system\BaseModel.php(584): CodeIgniter\Model->doFindAll(0, 0)
#6 C:\xampp\htdocs\gudangku\app\Controllers\User.php(22): CodeIgniter\BaseModel->findAll()
#7 C:\xampp\htdocs\gudangku\system\CodeIgniter.php(824): App\Controllers\User->muatData()
#8 C:\xampp\htdocs\gudangku\system\CodeIgniter.php(410): CodeIgniter\CodeIgniter->runController(Object(App\Controllers\User))
#9 C:\xampp\htdocs\gudangku\system\CodeIgniter.php(318): CodeIgniter\CodeIgniter->handleRequest(NULL, Object(Config\Cache), false)
#10 C:\xampp\htdocs\gudangku\index.php(37): CodeIgniter\CodeIgniter->run()
#11 {main}
ERROR - 2023-12-13 22:02:54 --> Table 'gudangku.user' doesn't exist in engine
CRITICAL - 2023-12-13 22:02:54 --> Table 'gudangku.user' doesn't exist in engine
#0 C:\xampp\htdocs\gudangku\system\Database\MySQLi\Connection.php(292): mysqli->query('SELECT *\nFROM `...', 0)
#1 C:\xampp\htdocs\gudangku\system\Database\BaseConnection.php(670): CodeIgniter\Database\MySQLi\Connection->execute('SELECT *\nFROM `...')
#2 C:\xampp\htdocs\gudangku\system\Database\BaseConnection.php(598): CodeIgniter\Database\BaseConnection->simpleQuery('SELECT *\nFROM `...')
#3 C:\xampp\htdocs\gudangku\system\Database\BaseBuilder.php(1443): CodeIgniter\Database\BaseConnection->query('SELECT *\nFROM `...', Array, false)
#4 C:\xampp\htdocs\gudangku\system\Model.php(183): CodeIgniter\Database\BaseBuilder->get()
#5 C:\xampp\htdocs\gudangku\system\BaseModel.php(584): CodeIgniter\Model->doFindAll(0, 0)
#6 C:\xampp\htdocs\gudangku\app\Controllers\User.php(22): CodeIgniter\BaseModel->findAll()
#7 C:\xampp\htdocs\gudangku\system\CodeIgniter.php(824): App\Controllers\User->muatData()
#8 C:\xampp\htdocs\gudangku\system\CodeIgniter.php(410): CodeIgniter\CodeIgniter->runController(Object(App\Controllers\User))
#9 C:\xampp\htdocs\gudangku\system\CodeIgniter.php(318): CodeIgniter\CodeIgniter->handleRequest(NULL, Object(Config\Cache), false)
#10 C:\xampp\htdocs\gudangku\index.php(37): CodeIgniter\CodeIgniter->run()
#11 {main}
ERROR - 2023-12-13 22:03:03 --> Table 'gudangku.user' doesn't exist in engine
CRITICAL - 2023-12-13 22:03:03 --> Table 'gudangku.user' doesn't exist in engine
#0 C:\xampp\htdocs\gudangku\system\Database\MySQLi\Connection.php(292): mysqli->query('SELECT *\nFROM `...', 0)
#1 C:\xampp\htdocs\gudangku\system\Database\BaseConnection.php(670): CodeIgniter\Database\MySQLi\Connection->execute('SELECT *\nFROM `...')
#2 C:\xampp\htdocs\gudangku\system\Database\BaseConnection.php(598): CodeIgniter\Database\BaseConnection->simpleQuery('SELECT *\nFROM `...')
#3 C:\xampp\htdocs\gudangku\system\Database\BaseBuilder.php(1443): CodeIgniter\Database\BaseConnection->query('SELECT *\nFROM `...', Array, false)
#4 C:\xampp\htdocs\gudangku\system\Model.php(183): CodeIgniter\Database\BaseBuilder->get()
#5 C:\xampp\htdocs\gudangku\system\BaseModel.php(584): CodeIgniter\Model->doFindAll(0, 0)
#6 C:\xampp\htdocs\gudangku\app\Controllers\User.php(22): CodeIgniter\BaseModel->findAll()
#7 C:\xampp\htdocs\gudangku\system\CodeIgniter.php(824): App\Controllers\User->muatData()
#8 C:\xampp\htdocs\gudangku\system\CodeIgniter.php(410): CodeIgniter\CodeIgniter->runController(Object(App\Controllers\User))
#9 C:\xampp\htdocs\gudangku\system\CodeIgniter.php(318): CodeIgniter\CodeIgniter->handleRequest(NULL, Object(Config\Cache), false)
#10 C:\xampp\htdocs\gudangku\index.php(37): CodeIgniter\CodeIgniter->run()
#11 {main}
