CRITICAL - 2024-07-16 15:18:32 --> Invalid file: barangKeluar.php
#0 C:\xampp\htdocs\gudangku\system\View\View.php(198): CodeIgniter\Exceptions\FrameworkException::forInvalidFile('barangKeluar.ph...')
#1 C:\xampp\htdocs\gudangku\system\Common.php(1097): CodeIgniter\View\View->render('barangKeluar', Array, true)
#2 C:\xampp\htdocs\gudangku\app\Controllers\BarangKeluar.php(21): view('barangKeluar', Array)
#3 C:\xampp\htdocs\gudangku\system\CodeIgniter.php(824): App\Controllers\BarangKeluar->index()
#4 C:\xampp\htdocs\gudangku\system\CodeIgniter.php(410): CodeIgniter\CodeIgniter->runController(Object(App\Controllers\BarangKeluar))
#5 C:\xampp\htdocs\gudangku\system\CodeIgniter.php(318): CodeIgniter\CodeIgniter->handleRequest(NULL, Object(Config\Cache), false)
#6 C:\xampp\htdocs\gudangku\index.php(37): CodeIgniter\CodeIgniter->run()
#7 {main}
CRITICAL - 2024-07-16 15:23:01 --> Class 'App\Models\DataPemesananModel' not found
#0 C:\xampp\htdocs\gudangku\system\CodeIgniter.php(801): App\Controllers\DataPemesanan->__construct()
#1 C:\xampp\htdocs\gudangku\system\CodeIgniter.php(401): CodeIgniter\CodeIgniter->createController()
#2 C:\xampp\htdocs\gudangku\system\CodeIgniter.php(318): CodeIgniter\CodeIgniter->handleRequest(NULL, Object(Config\Cache), false)
#3 C:\xampp\htdocs\gudangku\index.php(37): CodeIgniter\CodeIgniter->run()
#4 {main}
CRITICAL - 2024-07-16 15:23:23 --> Class 'App\Models\DataPemesananModel' not found
#0 C:\xampp\htdocs\gudangku\system\CodeIgniter.php(801): App\Controllers\DataPemesanan->__construct()
#1 C:\xampp\htdocs\gudangku\system\CodeIgniter.php(401): CodeIgniter\CodeIgniter->createController()
#2 C:\xampp\htdocs\gudangku\system\CodeIgniter.php(318): CodeIgniter\CodeIgniter->handleRequest(NULL, Object(Config\Cache), false)
#3 C:\xampp\htdocs\gudangku\index.php(37): CodeIgniter\CodeIgniter->run()
#4 {main}
CRITICAL - 2024-07-16 15:23:25 --> Class 'App\Models\DataPemesananModel' not found
#0 C:\xampp\htdocs\gudangku\system\CodeIgniter.php(801): App\Controllers\DataPemesanan->__construct()
#1 C:\xampp\htdocs\gudangku\system\CodeIgniter.php(401): CodeIgniter\CodeIgniter->createController()
#2 C:\xampp\htdocs\gudangku\system\CodeIgniter.php(318): CodeIgniter\CodeIgniter->handleRequest(NULL, Object(Config\Cache), false)
#3 C:\xampp\htdocs\gudangku\index.php(37): CodeIgniter\CodeIgniter->run()
#4 {main}
CRITICAL - 2024-07-16 15:23:35 --> Class 'App\Models\DataPemesananModel' not found
#0 C:\xampp\htdocs\gudangku\system\CodeIgniter.php(801): App\Controllers\DataPemesanan->__construct()
#1 C:\xampp\htdocs\gudangku\system\CodeIgniter.php(401): CodeIgniter\CodeIgniter->createController()
#2 C:\xampp\htdocs\gudangku\system\CodeIgniter.php(318): CodeIgniter\CodeIgniter->handleRequest(NULL, Object(Config\Cache), false)
#3 C:\xampp\htdocs\gudangku\index.php(37): CodeIgniter\CodeIgniter->run()
#4 {main}
CRITICAL - 2024-07-16 15:23:38 --> Invalid file: barangKeluar.php
#0 C:\xampp\htdocs\gudangku\system\View\View.php(198): CodeIgniter\Exceptions\FrameworkException::forInvalidFile('barangKeluar.ph...')
#1 C:\xampp\htdocs\gudangku\system\Common.php(1097): CodeIgniter\View\View->render('barangKeluar', Array, true)
#2 C:\xampp\htdocs\gudangku\app\Controllers\DataPemesanan.php(22): view('barangKeluar', Array)
#3 C:\xampp\htdocs\gudangku\system\CodeIgniter.php(824): App\Controllers\DataPemesanan->index()
#4 C:\xampp\htdocs\gudangku\system\CodeIgniter.php(410): CodeIgniter\CodeIgniter->runController(Object(App\Controllers\DataPemesanan))
#5 C:\xampp\htdocs\gudangku\system\CodeIgniter.php(318): CodeIgniter\CodeIgniter->handleRequest(NULL, Object(Config\Cache), false)
#6 C:\xampp\htdocs\gudangku\index.php(37): CodeIgniter\CodeIgniter->run()
#7 {main}
CRITICAL - 2024-07-16 15:24:05 --> Invalid file: barangKeluar.php
#0 C:\xampp\htdocs\gudangku\system\View\View.php(198): CodeIgniter\Exceptions\FrameworkException::forInvalidFile('barangKeluar.ph...')
#1 C:\xampp\htdocs\gudangku\system\Common.php(1097): CodeIgniter\View\View->render('barangKeluar', Array, true)
#2 C:\xampp\htdocs\gudangku\app\Controllers\DataPemesanan.php(22): view('barangKeluar', Array)
#3 C:\xampp\htdocs\gudangku\system\CodeIgniter.php(824): App\Controllers\DataPemesanan->index()
#4 C:\xampp\htdocs\gudangku\system\CodeIgniter.php(410): CodeIgniter\CodeIgniter->runController(Object(App\Controllers\DataPemesanan))
#5 C:\xampp\htdocs\gudangku\system\CodeIgniter.php(318): CodeIgniter\CodeIgniter->handleRequest(NULL, Object(Config\Cache), false)
#6 C:\xampp\htdocs\gudangku\index.php(37): CodeIgniter\CodeIgniter->run()
#7 {main}
CRITICAL - 2024-07-16 15:30:33 --> Undefined variable: barang
#0 C:\xampp\htdocs\gudangku\app\Views\dataPemesanan.php(18): CodeIgniter\Debug\Exceptions->errorHandler(8, 'Undefined varia...', 'C:\\xampp\\htdocs...', 18, Array)
#1 C:\xampp\htdocs\gudangku\system\View\View.php(214): include('C:\\xampp\\htdocs...')
#2 C:\xampp\htdocs\gudangku\system\View\View.php(217): CodeIgniter\View\View->CodeIgniter\View\{closure}()
#3 C:\xampp\htdocs\gudangku\system\Common.php(1097): CodeIgniter\View\View->render('dataPemesanan', Array, true)
#4 C:\xampp\htdocs\gudangku\app\Controllers\DataPemesanan.php(19): view('dataPemesanan')
#5 C:\xampp\htdocs\gudangku\system\CodeIgniter.php(824): App\Controllers\DataPemesanan->index()
#6 C:\xampp\htdocs\gudangku\system\CodeIgniter.php(410): CodeIgniter\CodeIgniter->runController(Object(App\Controllers\DataPemesanan))
#7 C:\xampp\htdocs\gudangku\system\CodeIgniter.php(318): CodeIgniter\CodeIgniter->handleRequest(NULL, Object(Config\Cache), false)
#8 C:\xampp\htdocs\gudangku\index.php(37): CodeIgniter\CodeIgniter->run()
#9 {main}
CRITICAL - 2024-07-16 15:44:07 --> Class 'App\Models\BarangKeluarModel' not found
#0 C:\xampp\htdocs\gudangku\system\CodeIgniter.php(801): App\Controllers\Laporan->__construct()
#1 C:\xampp\htdocs\gudangku\system\CodeIgniter.php(401): CodeIgniter\CodeIgniter->createController()
#2 C:\xampp\htdocs\gudangku\system\CodeIgniter.php(318): CodeIgniter\CodeIgniter->handleRequest(NULL, Object(Config\Cache), false)
#3 C:\xampp\htdocs\gudangku\index.php(37): CodeIgniter\CodeIgniter->run()
#4 {main}
CRITICAL - 2024-07-16 15:52:53 --> Undefined variable: barang
#0 C:\xampp\htdocs\gudangku\app\Views\dataPemesanan.php(16): CodeIgniter\Debug\Exceptions->errorHandler(8, 'Undefined varia...', 'C:\\xampp\\htdocs...', 16, Array)
#1 C:\xampp\htdocs\gudangku\system\View\View.php(214): include('C:\\xampp\\htdocs...')
#2 C:\xampp\htdocs\gudangku\system\View\View.php(217): CodeIgniter\View\View->CodeIgniter\View\{closure}()
#3 C:\xampp\htdocs\gudangku\system\Common.php(1097): CodeIgniter\View\View->render('dataPemesanan', Array, true)
#4 C:\xampp\htdocs\gudangku\app\Controllers\DataPemesanan.php(21): view('dataPemesanan')
#5 C:\xampp\htdocs\gudangku\system\CodeIgniter.php(824): App\Controllers\DataPemesanan->index()
#6 C:\xampp\htdocs\gudangku\system\CodeIgniter.php(410): CodeIgniter\CodeIgniter->runController(Object(App\Controllers\DataPemesanan))
#7 C:\xampp\htdocs\gudangku\system\CodeIgniter.php(318): CodeIgniter\CodeIgniter->handleRequest(NULL, Object(Config\Cache), false)
#8 C:\xampp\htdocs\gudangku\index.php(37): CodeIgniter\CodeIgniter->run()
#9 {main}
CRITICAL - 2024-07-16 15:54:10 --> Undefined variable: barang
#0 C:\xampp\htdocs\gudangku\app\Views\dataPemesanan.php(16): CodeIgniter\Debug\Exceptions->errorHandler(8, 'Undefined varia...', 'C:\\xampp\\htdocs...', 16, Array)
#1 C:\xampp\htdocs\gudangku\system\View\View.php(214): include('C:\\xampp\\htdocs...')
#2 C:\xampp\htdocs\gudangku\system\View\View.php(217): CodeIgniter\View\View->CodeIgniter\View\{closure}()
#3 C:\xampp\htdocs\gudangku\system\Common.php(1097): CodeIgniter\View\View->render('dataPemesanan', Array, true)
#4 C:\xampp\htdocs\gudangku\app\Controllers\DataPemesanan.php(21): view('dataPemesanan')
#5 C:\xampp\htdocs\gudangku\system\CodeIgniter.php(824): App\Controllers\DataPemesanan->index()
#6 C:\xampp\htdocs\gudangku\system\CodeIgniter.php(410): CodeIgniter\CodeIgniter->runController(Object(App\Controllers\DataPemesanan))
#7 C:\xampp\htdocs\gudangku\system\CodeIgniter.php(318): CodeIgniter\CodeIgniter->handleRequest(NULL, Object(Config\Cache), false)
#8 C:\xampp\htdocs\gudangku\index.php(37): CodeIgniter\CodeIgniter->run()
#9 {main}
CRITICAL - 2024-07-16 15:54:49 --> Undefined variable: barang
#0 C:\xampp\htdocs\gudangku\app\Views\dataPemesanan.php(16): CodeIgniter\Debug\Exceptions->errorHandler(8, 'Undefined varia...', 'C:\\xampp\\htdocs...', 16, Array)
#1 C:\xampp\htdocs\gudangku\system\View\View.php(214): include('C:\\xampp\\htdocs...')
#2 C:\xampp\htdocs\gudangku\system\View\View.php(217): CodeIgniter\View\View->CodeIgniter\View\{closure}()
#3 C:\xampp\htdocs\gudangku\system\Common.php(1097): CodeIgniter\View\View->render('dataPemesanan', Array, true)
#4 C:\xampp\htdocs\gudangku\app\Controllers\DataPemesanan.php(21): view('dataPemesanan')
#5 C:\xampp\htdocs\gudangku\system\CodeIgniter.php(824): App\Controllers\DataPemesanan->index()
#6 C:\xampp\htdocs\gudangku\system\CodeIgniter.php(410): CodeIgniter\CodeIgniter->runController(Object(App\Controllers\DataPemesanan))
#7 C:\xampp\htdocs\gudangku\system\CodeIgniter.php(318): CodeIgniter\CodeIgniter->handleRequest(NULL, Object(Config\Cache), false)
#8 C:\xampp\htdocs\gudangku\index.php(37): CodeIgniter\CodeIgniter->run()
#9 {main}
CRITICAL - 2024-07-16 15:55:37 --> Undefined variable: barang
#0 C:\xampp\htdocs\gudangku\app\Views\dataPemesanan.php(16): CodeIgniter\Debug\Exceptions->errorHandler(8, 'Undefined varia...', 'C:\\xampp\\htdocs...', 16, Array)
#1 C:\xampp\htdocs\gudangku\system\View\View.php(214): include('C:\\xampp\\htdocs...')
#2 C:\xampp\htdocs\gudangku\system\View\View.php(217): CodeIgniter\View\View->CodeIgniter\View\{closure}()
#3 C:\xampp\htdocs\gudangku\system\Common.php(1097): CodeIgniter\View\View->render('dataPemesanan', Array, true)
#4 C:\xampp\htdocs\gudangku\app\Controllers\DataPemesanan.php(21): view('dataPemesanan')
#5 C:\xampp\htdocs\gudangku\system\CodeIgniter.php(824): App\Controllers\DataPemesanan->index()
#6 C:\xampp\htdocs\gudangku\system\CodeIgniter.php(410): CodeIgniter\CodeIgniter->runController(Object(App\Controllers\DataPemesanan))
#7 C:\xampp\htdocs\gudangku\system\CodeIgniter.php(318): CodeIgniter\CodeIgniter->handleRequest(NULL, Object(Config\Cache), false)
#8 C:\xampp\htdocs\gudangku\index.php(37): CodeIgniter\CodeIgniter->run()
#9 {main}
CRITICAL - 2024-07-16 15:58:53 --> Undefined property: App\Controllers\DataPemesanan::$BarangModel
#0 C:\xampp\htdocs\gudangku\app\Controllers\DataPemesanan.php(22): CodeIgniter\Debug\Exceptions->errorHandler(8, 'Undefined prope...', 'C:\\xampp\\htdocs...', 22, Array)
#1 C:\xampp\htdocs\gudangku\system\CodeIgniter.php(824): App\Controllers\DataPemesanan->index()
#2 C:\xampp\htdocs\gudangku\system\CodeIgniter.php(410): CodeIgniter\CodeIgniter->runController(Object(App\Controllers\DataPemesanan))
#3 C:\xampp\htdocs\gudangku\system\CodeIgniter.php(318): CodeIgniter\CodeIgniter->handleRequest(NULL, Object(Config\Cache), false)
#4 C:\xampp\htdocs\gudangku\index.php(37): CodeIgniter\CodeIgniter->run()
#5 {main}
CRITICAL - 2024-07-16 17:07:15 --> Undefined index: stok
#0 C:\xampp\htdocs\gudangku\app\Controllers\Laporan.php(45): CodeIgniter\Debug\Exceptions->errorHandler(8, 'Undefined index...', 'C:\\xampp\\htdocs...', 45, Array)
#1 C:\xampp\htdocs\gudangku\system\CodeIgniter.php(824): App\Controllers\Laporan->dataTransaksi()
#2 C:\xampp\htdocs\gudangku\system\CodeIgniter.php(410): CodeIgniter\CodeIgniter->runController(Object(App\Controllers\Laporan))
#3 C:\xampp\htdocs\gudangku\system\CodeIgniter.php(318): CodeIgniter\CodeIgniter->handleRequest(NULL, Object(Config\Cache), false)
#4 C:\xampp\htdocs\gudangku\index.php(37): CodeIgniter\CodeIgniter->run()
#5 {main}
CRITICAL - 2024-07-16 17:07:43 --> Undefined index: stok
#0 C:\xampp\htdocs\gudangku\app\Controllers\Laporan.php(45): CodeIgniter\Debug\Exceptions->errorHandler(8, 'Undefined index...', 'C:\\xampp\\htdocs...', 45, Array)
#1 C:\xampp\htdocs\gudangku\system\CodeIgniter.php(824): App\Controllers\Laporan->dataTransaksi()
#2 C:\xampp\htdocs\gudangku\system\CodeIgniter.php(410): CodeIgniter\CodeIgniter->runController(Object(App\Controllers\Laporan))
#3 C:\xampp\htdocs\gudangku\system\CodeIgniter.php(318): CodeIgniter\CodeIgniter->handleRequest(NULL, Object(Config\Cache), false)
#4 C:\xampp\htdocs\gudangku\index.php(37): CodeIgniter\CodeIgniter->run()
#5 {main}
CRITICAL - 2024-07-16 17:07:44 --> Undefined index: stok
#0 C:\xampp\htdocs\gudangku\app\Controllers\Laporan.php(45): CodeIgniter\Debug\Exceptions->errorHandler(8, 'Undefined index...', 'C:\\xampp\\htdocs...', 45, Array)
#1 C:\xampp\htdocs\gudangku\system\CodeIgniter.php(824): App\Controllers\Laporan->dataTransaksi()
#2 C:\xampp\htdocs\gudangku\system\CodeIgniter.php(410): CodeIgniter\CodeIgniter->runController(Object(App\Controllers\Laporan))
#3 C:\xampp\htdocs\gudangku\system\CodeIgniter.php(318): CodeIgniter\CodeIgniter->handleRequest(NULL, Object(Config\Cache), false)
#4 C:\xampp\htdocs\gudangku\index.php(37): CodeIgniter\CodeIgniter->run()
#5 {main}
CRITICAL - 2024-07-16 17:08:31 --> Undefined index: stok
#0 C:\xampp\htdocs\gudangku\app\Controllers\Laporan.php(45): CodeIgniter\Debug\Exceptions->errorHandler(8, 'Undefined index...', 'C:\\xampp\\htdocs...', 45, Array)
#1 C:\xampp\htdocs\gudangku\system\CodeIgniter.php(824): App\Controllers\Laporan->dataTransaksi()
#2 C:\xampp\htdocs\gudangku\system\CodeIgniter.php(410): CodeIgniter\CodeIgniter->runController(Object(App\Controllers\Laporan))
#3 C:\xampp\htdocs\gudangku\system\CodeIgniter.php(318): CodeIgniter\CodeIgniter->handleRequest(NULL, Object(Config\Cache), false)
#4 C:\xampp\htdocs\gudangku\index.php(37): CodeIgniter\CodeIgniter->run()
#5 {main}
CRITICAL - 2024-07-16 17:08:32 --> Undefined index: stok
#0 C:\xampp\htdocs\gudangku\app\Controllers\Laporan.php(45): CodeIgniter\Debug\Exceptions->errorHandler(8, 'Undefined index...', 'C:\\xampp\\htdocs...', 45, Array)
#1 C:\xampp\htdocs\gudangku\system\CodeIgniter.php(824): App\Controllers\Laporan->dataTransaksi()
#2 C:\xampp\htdocs\gudangku\system\CodeIgniter.php(410): CodeIgniter\CodeIgniter->runController(Object(App\Controllers\Laporan))
#3 C:\xampp\htdocs\gudangku\system\CodeIgniter.php(318): CodeIgniter\CodeIgniter->handleRequest(NULL, Object(Config\Cache), false)
#4 C:\xampp\htdocs\gudangku\index.php(37): CodeIgniter\CodeIgniter->run()
#5 {main}
CRITICAL - 2024-07-16 17:09:49 --> Undefined index: stok
#0 C:\xampp\htdocs\gudangku\app\Controllers\Laporan.php(45): CodeIgniter\Debug\Exceptions->errorHandler(8, 'Undefined index...', 'C:\\xampp\\htdocs...', 45, Array)
#1 C:\xampp\htdocs\gudangku\system\CodeIgniter.php(824): App\Controllers\Laporan->dataTransaksi()
#2 C:\xampp\htdocs\gudangku\system\CodeIgniter.php(410): CodeIgniter\CodeIgniter->runController(Object(App\Controllers\Laporan))
#3 C:\xampp\htdocs\gudangku\system\CodeIgniter.php(318): CodeIgniter\CodeIgniter->handleRequest(NULL, Object(Config\Cache), false)
#4 C:\xampp\htdocs\gudangku\index.php(37): CodeIgniter\CodeIgniter->run()
#5 {main}
CRITICAL - 2024-07-16 17:09:49 --> Undefined index: stok
#0 C:\xampp\htdocs\gudangku\app\Controllers\Laporan.php(45): CodeIgniter\Debug\Exceptions->errorHandler(8, 'Undefined index...', 'C:\\xampp\\htdocs...', 45, Array)
#1 C:\xampp\htdocs\gudangku\system\CodeIgniter.php(824): App\Controllers\Laporan->dataTransaksi()
#2 C:\xampp\htdocs\gudangku\system\CodeIgniter.php(410): CodeIgniter\CodeIgniter->runController(Object(App\Controllers\Laporan))
#3 C:\xampp\htdocs\gudangku\system\CodeIgniter.php(318): CodeIgniter\CodeIgniter->handleRequest(NULL, Object(Config\Cache), false)
#4 C:\xampp\htdocs\gudangku\index.php(37): CodeIgniter\CodeIgniter->run()
#5 {main}
CRITICAL - 2024-07-16 17:09:54 --> Undefined index: stok
#0 C:\xampp\htdocs\gudangku\app\Controllers\Laporan.php(45): CodeIgniter\Debug\Exceptions->errorHandler(8, 'Undefined index...', 'C:\\xampp\\htdocs...', 45, Array)
#1 C:\xampp\htdocs\gudangku\system\CodeIgniter.php(824): App\Controllers\Laporan->dataTransaksi()
#2 C:\xampp\htdocs\gudangku\system\CodeIgniter.php(410): CodeIgniter\CodeIgniter->runController(Object(App\Controllers\Laporan))
#3 C:\xampp\htdocs\gudangku\system\CodeIgniter.php(318): CodeIgniter\CodeIgniter->handleRequest(NULL, Object(Config\Cache), false)
#4 C:\xampp\htdocs\gudangku\index.php(37): CodeIgniter\CodeIgniter->run()
#5 {main}
CRITICAL - 2024-07-16 17:09:57 --> Undefined index: stok
#0 C:\xampp\htdocs\gudangku\app\Controllers\Laporan.php(45): CodeIgniter\Debug\Exceptions->errorHandler(8, 'Undefined index...', 'C:\\xampp\\htdocs...', 45, Array)
#1 C:\xampp\htdocs\gudangku\system\CodeIgniter.php(824): App\Controllers\Laporan->dataTransaksi()
#2 C:\xampp\htdocs\gudangku\system\CodeIgniter.php(410): CodeIgniter\CodeIgniter->runController(Object(App\Controllers\Laporan))
#3 C:\xampp\htdocs\gudangku\system\CodeIgniter.php(318): CodeIgniter\CodeIgniter->handleRequest(NULL, Object(Config\Cache), false)
#4 C:\xampp\htdocs\gudangku\index.php(37): CodeIgniter\CodeIgniter->run()
#5 {main}
CRITICAL - 2024-07-16 17:09:59 --> Undefined index: stok
#0 C:\xampp\htdocs\gudangku\app\Controllers\Laporan.php(45): CodeIgniter\Debug\Exceptions->errorHandler(8, 'Undefined index...', 'C:\\xampp\\htdocs...', 45, Array)
#1 C:\xampp\htdocs\gudangku\system\CodeIgniter.php(824): App\Controllers\Laporan->dataTransaksi()
#2 C:\xampp\htdocs\gudangku\system\CodeIgniter.php(410): CodeIgniter\CodeIgniter->runController(Object(App\Controllers\Laporan))
#3 C:\xampp\htdocs\gudangku\system\CodeIgniter.php(318): CodeIgniter\CodeIgniter->handleRequest(NULL, Object(Config\Cache), false)
#4 C:\xampp\htdocs\gudangku\index.php(37): CodeIgniter\CodeIgniter->run()
#5 {main}
CRITICAL - 2024-07-16 18:00:16 --> session_start(): A session had already been started - ignoring
#0 [internal function]: CodeIgniter\Debug\Exceptions->errorHandler(8, 'session_start()...', 'C:\\xampp\\htdocs...', 4, Array)
#1 C:\xampp\htdocs\gudangku\app\Views\dataPemesanan.php(4): session_start()
#2 C:\xampp\htdocs\gudangku\system\View\View.php(214): include('C:\\xampp\\htdocs...')
#3 C:\xampp\htdocs\gudangku\system\View\View.php(217): CodeIgniter\View\View->CodeIgniter\View\{closure}()
#4 C:\xampp\htdocs\gudangku\system\Common.php(1097): CodeIgniter\View\View->render('dataPemesanan', Array, true)
#5 C:\xampp\htdocs\gudangku\app\Controllers\DataPemesanan.php(26): view('dataPemesanan', Array)
#6 C:\xampp\htdocs\gudangku\system\CodeIgniter.php(824): App\Controllers\DataPemesanan->index()
#7 C:\xampp\htdocs\gudangku\system\CodeIgniter.php(410): CodeIgniter\CodeIgniter->runController(Object(App\Controllers\DataPemesanan))
#8 C:\xampp\htdocs\gudangku\system\CodeIgniter.php(318): CodeIgniter\CodeIgniter->handleRequest(NULL, Object(Config\Cache), false)
#9 C:\xampp\htdocs\gudangku\index.php(37): CodeIgniter\CodeIgniter->run()
#10 {main}
CRITICAL - 2024-07-16 18:00:42 --> session_start(): A session had already been started - ignoring
#0 [internal function]: CodeIgniter\Debug\Exceptions->errorHandler(8, 'session_start()...', 'C:\\xampp\\htdocs...', 3, Array)
#1 C:\xampp\htdocs\gudangku\app\Views\dataPemesanan.php(3): session_start()
#2 C:\xampp\htdocs\gudangku\system\View\View.php(214): include('C:\\xampp\\htdocs...')
#3 C:\xampp\htdocs\gudangku\system\View\View.php(217): CodeIgniter\View\View->CodeIgniter\View\{closure}()
#4 C:\xampp\htdocs\gudangku\system\Common.php(1097): CodeIgniter\View\View->render('dataPemesanan', Array, true)
#5 C:\xampp\htdocs\gudangku\app\Controllers\DataPemesanan.php(26): view('dataPemesanan', Array)
#6 C:\xampp\htdocs\gudangku\system\CodeIgniter.php(824): App\Controllers\DataPemesanan->index()
#7 C:\xampp\htdocs\gudangku\system\CodeIgniter.php(410): CodeIgniter\CodeIgniter->runController(Object(App\Controllers\DataPemesanan))
#8 C:\xampp\htdocs\gudangku\system\CodeIgniter.php(318): CodeIgniter\CodeIgniter->handleRequest(NULL, Object(Config\Cache), false)
#9 C:\xampp\htdocs\gudangku\index.php(37): CodeIgniter\CodeIgniter->run()
#10 {main}
ERROR - 2024-07-16 18:22:51 --> Table 'gudangku.barangmasuk' doesn't exist
CRITICAL - 2024-07-16 18:22:51 --> Table 'gudangku.barangmasuk' doesn't exist
#0 C:\xampp\htdocs\gudangku\system\Database\MySQLi\Connection.php(292): mysqli->query('SELECT *\nFROM `...', 0)
#1 C:\xampp\htdocs\gudangku\system\Database\BaseConnection.php(670): CodeIgniter\Database\MySQLi\Connection->execute('SELECT *\nFROM `...')
#2 C:\xampp\htdocs\gudangku\system\Database\BaseConnection.php(598): CodeIgniter\Database\BaseConnection->simpleQuery('SELECT *\nFROM `...')
#3 C:\xampp\htdocs\gudangku\system\Database\BaseBuilder.php(1443): CodeIgniter\Database\BaseConnection->query('SELECT *\nFROM `...', Array, false)
#4 C:\xampp\htdocs\gudangku\system\Model.php(183): CodeIgniter\Database\BaseBuilder->get()
#5 C:\xampp\htdocs\gudangku\system\BaseModel.php(584): CodeIgniter\Model->doFindAll(0, 0)
#6 C:\xampp\htdocs\gudangku\app\Controllers\BarangMasuk.php(25): CodeIgniter\BaseModel->findAll()
#7 C:\xampp\htdocs\gudangku\system\CodeIgniter.php(824): App\Controllers\BarangMasuk->muatData()
#8 C:\xampp\htdocs\gudangku\system\CodeIgniter.php(410): CodeIgniter\CodeIgniter->runController(Object(App\Controllers\BarangMasuk))
#9 C:\xampp\htdocs\gudangku\system\CodeIgniter.php(318): CodeIgniter\CodeIgniter->handleRequest(NULL, Object(Config\Cache), false)
#10 C:\xampp\htdocs\gudangku\index.php(37): CodeIgniter\CodeIgniter->run()
#11 {main}
